27.9.2023, 13:27:56 - INFO - server.js loaded... 
27.9.2023, 13:27:56 - INFO - Server is running on port: 3030 
27.9.2023, 13:28:23 - INFO - Req was made | / 
27.9.2023, 13:28:23 - DEBUG - Getting Cars | {"txt":""} 
27.9.2023, 15:57:23 - INFO - server.js loaded... 
27.9.2023, 15:57:23 - INFO - Server is running on port: 3030 
27.9.2023, 15:59:09 - INFO - server.js loaded... 
27.9.2023, 15:59:09 - INFO - Server is running on port: 3030 
27.9.2023, 15:59:42 - INFO - server.js loaded... 
27.9.2023, 15:59:42 - INFO - Server is running on port: 3030 
27.9.2023, 16:00:15 - INFO - server.js loaded... 
27.9.2023, 16:00:15 - INFO - Server is running on port: 3030 
27.9.2023, 16:00:47 - INFO - server.js loaded... 
27.9.2023, 16:00:47 - INFO - Server is running on port: 3030 
27.9.2023, 16:06:18 - INFO - server.js loaded... 
27.9.2023, 16:06:18 - INFO - Server is running on port: 3030 
27.9.2023, 16:06:21 - INFO - server.js loaded... 
27.9.2023, 16:06:21 - INFO - Server is running on port: 3030 
27.9.2023, 16:16:24 - INFO - server.js loaded... 
27.9.2023, 16:16:24 - INFO - Server is running on port: 3030 
27.9.2023, 16:17:08 - INFO - server.js loaded... 
27.9.2023, 16:17:08 - INFO - Server is running on port: 3030 
27.9.2023, 16:17:27 - INFO - server.js loaded... 
27.9.2023, 16:17:27 - INFO - Server is running on port: 3030 
27.9.2023, 17:31:40 - INFO - server.js loaded... 
27.9.2023, 17:31:40 - INFO - Server is running on port: 3030 
27.9.2023, 17:31:51 - INFO - Req was made | / 
27.9.2023, 17:31:51 - DEBUG - Getting Cars | {"txt":""} 
27.9.2023, 17:32:14 - INFO - Req was made | / 
27.9.2023, 17:32:14 - DEBUG - Getting Cars | {"txt":""} 
27.9.2023, 17:32:23 - DEBUG - auth.service - login with username: puk 
27.9.2023, 17:32:23 - INFO - User login:  | {"_id":"646a02c55097065c5e3e9387","username":"puk","fullname":"puk","score":494} 
27.9.2023, 17:32:27 - INFO - Req was made | / 
27.9.2023, 17:32:27 - DEBUG - Getting Cars | {"txt":""} 
27.9.2023, 17:32:46 - INFO - Req was made | / 
27.9.2023, 17:32:46 - DEBUG - Getting Cars | {"txt":""} 
28.9.2023, 11:43:20 - INFO - server.js loaded... 
28.9.2023, 11:43:20 - INFO - Server is running on port: 3030 
28.9.2023, 11:53:10 - INFO - Req was made | / 
28.9.2023, 11:53:10 - DEBUG - Getting Cars | {"txt":""} 
28.9.2023, 12:25:04 - INFO - server.js loaded... 
28.9.2023, 12:25:04 - INFO - Server is running on port: 3030 
28.9.2023, 12:30:15 - INFO - server.js loaded... 
28.9.2023, 12:30:15 - INFO - Server is running on port: 3030 
28.9.2023, 12:39:06 - INFO - Req was made | / 
28.9.2023, 12:39:06 - DEBUG - Getting Cars | {"txt":""} 
28.9.2023, 12:54:41 - INFO - Req was made | / 
28.9.2023, 12:54:41 - DEBUG - Getting Cars | {"txt":""} 
29.9.2023, 16:28:24 - INFO - server.js loaded... 
29.9.2023, 16:28:24 - INFO - Server is running on port: 3030 
29.9.2023, 16:28:34 - INFO - Req was made | / 
29.9.2023, 16:28:34 - ERROR - Cannot load toys | SyntaxError: Unexpected token u in JSON at position 0 
29.9.2023, 16:28:56 - INFO - Req was made | / 
29.9.2023, 16:28:56 - ERROR - Cannot load toys | SyntaxError: Unexpected token u in JSON at position 0 
29.9.2023, 16:30:11 - INFO - server.js loaded... 
29.9.2023, 16:30:11 - INFO - Server is running on port: 3030 
29.9.2023, 16:30:13 - ERROR - Cannot load toys | SyntaxError: Unexpected token u in JSON at position 0 
29.9.2023, 16:30:13 - INFO - Req was made | / 
29.9.2023, 16:30:31 - INFO - server.js loaded... 
29.9.2023, 16:30:31 - INFO - Server is running on port: 3030 
29.9.2023, 16:42:03 - INFO - server.js loaded... 
29.9.2023, 16:42:03 - INFO - Server is running on port: 3030 
29.9.2023, 16:42:08 - INFO - Req was made | / 
29.9.2023, 16:42:08 - DEBUG - Getting Toys | {"price":null} 
29.9.2023, 16:42:56 - INFO - server.js loaded... 
29.9.2023, 16:42:56 - INFO - Server is running on port: 3030 
29.9.2023, 16:42:59 - INFO - Req was made | / 
29.9.2023, 16:42:59 - DEBUG - Getting Toys | {"price":null} 
29.9.2023, 16:43:33 - INFO - server.js loaded... 
29.9.2023, 16:43:33 - INFO - Server is running on port: 3030 
29.9.2023, 16:43:35 - INFO - Req was made | / 
29.9.2023, 16:43:35 - ERROR - Cannot load toys | SyntaxError: Unexpected token u in JSON at position 0 
29.9.2023, 16:44:45 - INFO - server.js loaded... 
29.9.2023, 16:44:45 - INFO - Server is running on port: 3030 
29.9.2023, 16:45:28 - INFO - server.js loaded... 
29.9.2023, 16:45:28 - INFO - Server is running on port: 3030 
29.9.2023, 16:45:30 - INFO - Req was made | / 
29.9.2023, 16:45:30 - DEBUG - Getting Toys | {"price":null} 
29.9.2023, 16:57:21 - INFO - Req was made | / 
29.9.2023, 16:57:21 - DEBUG - Getting Toys | {"txt":"el","price":null} 
29.9.2023, 16:58:08 - INFO - Req was made | / 
29.9.2023, 16:58:08 - DEBUG - Getting Toys | {"txt":"bar","price":null} 
29.9.2023, 16:58:35 - INFO - Req was made | / 
29.9.2023, 16:58:35 - DEBUG - Getting Toys | {"price":null} 
29.9.2023, 16:59:09 - INFO - server.js loaded... 
29.9.2023, 16:59:09 - INFO - Server is running on port: 3030 
29.9.2023, 16:59:12 - INFO - Req was made | / 
29.9.2023, 16:59:12 - DEBUG - Getting Toys | {"price":null} 
29.9.2023, 16:59:33 - INFO - Req was made | / 
29.9.2023, 16:59:33 - DEBUG - Getting Toys | {"txt":"bar","price":null} 
29.9.2023, 17:01:39 - INFO - Req was made | / 
29.9.2023, 17:01:39 - DEBUG - Getting Toys | {"price":null,"inStock":"false"} 
29.9.2023, 17:01:47 - INFO - Req was made | / 
29.9.2023, 17:01:47 - DEBUG - Getting Toys | {"price":null,"inStock":"true"} 
29.9.2023, 17:02:12 - INFO - server.js loaded... 
29.9.2023, 17:02:12 - INFO - Server is running on port: 3030 
29.9.2023, 17:02:15 - INFO - Req was made | / 
29.9.2023, 17:02:15 - DEBUG - Getting Toys | {"price":null,"inStock":true} 
29.9.2023, 17:02:34 - DEBUG - Getting Toys | {"price":null,"inStock":false} 
29.9.2023, 17:02:34 - INFO - Req was made | / 
29.9.2023, 17:03:30 - INFO - server.js loaded... 
29.9.2023, 17:03:30 - INFO - Server is running on port: 3030 
29.9.2023, 17:05:55 - INFO - server.js loaded... 
29.9.2023, 17:05:55 - INFO - Server is running on port: 3030 
29.9.2023, 17:06:26 - INFO - Req was made | / 
29.9.2023, 17:06:26 - ERROR - Cannot load toys | SyntaxError: Unexpected token u in JSON at position 0 
29.9.2023, 17:07:30 - INFO - Req was made | / 
29.9.2023, 17:07:30 - ERROR - Cannot load toys | SyntaxError: Unexpected token u in JSON at position 0 
29.9.2023, 17:07:48 - INFO - Req was made | / 
29.9.2023, 17:07:48 - ERROR - Cannot load toys | SyntaxError: Unexpected token u in JSON at position 0 
29.9.2023, 17:08:43 - INFO - Req was made | / 
29.9.2023, 17:08:43 - ERROR - Cannot load toys | SyntaxError: Unexpected token u in JSON at position 0 
29.9.2023, 17:08:48 - INFO - Req was made | / 
29.9.2023, 17:08:48 - ERROR - Cannot load toys | SyntaxError: Unexpected token u in JSON at position 0 
29.9.2023, 17:08:53 - INFO - Req was made | / 
29.9.2023, 17:08:53 - ERROR - Cannot load toys | SyntaxError: Unexpected token u in JSON at position 0 
29.9.2023, 17:18:50 - INFO - Server is running on port: 3030 
29.9.2023, 17:18:50 - INFO - server.js loaded... 
29.9.2023, 17:21:22 - INFO - server.js loaded... 
29.9.2023, 17:21:22 - INFO - Server is running on port: 3030 
29.9.2023, 17:22:20 - INFO - server.js loaded... 
29.9.2023, 17:22:20 - INFO - Server is running on port: 3030 
29.9.2023, 17:26:38 - INFO - server.js loaded... 
29.9.2023, 17:26:38 - INFO - Server is running on port: 3030 
29.9.2023, 17:33:35 - INFO - server.js loaded... 
29.9.2023, 17:33:35 - INFO - Server is running on port: 3030 
29.9.2023, 17:35:18 - INFO - server.js loaded... 
29.9.2023, 17:35:18 - INFO - Server is running on port: 3030 
29.9.2023, 18:38:52 - INFO - Req was made | / 
29.9.2023, 18:38:52 - DEBUG - Getting Toys | {"txt":"","price":0,"inStock":false,"sortBy":""} 
29.9.2023, 18:38:52 - INFO - Req was made | / 
29.9.2023, 18:38:52 - DEBUG - Getting Toys | {"txt":"","price":0,"inStock":false,"sortBy":""} 
29.9.2023, 18:39:03 - INFO - Req was made | / 
29.9.2023, 18:39:03 - DEBUG - Getting Toys | {"txt":"","price":0,"inStock":false,"label":["On wheels"],"sortBy":""} 
29.9.2023, 18:39:11 - DEBUG - Getting Toys | {"txt":"","price":0,"inStock":false,"label":["On wheels","Outdoor"],"sortBy":""} 
29.9.2023, 18:39:11 - INFO - Req was made | / 
29.9.2023, 18:39:15 - INFO - Req was made | / 
29.9.2023, 18:39:15 - DEBUG - Getting Toys | {"txt":"","price":0,"inStock":false,"label":["On wheels"],"sortBy":""} 
29.9.2023, 18:39:17 - INFO - Req was made | / 
29.9.2023, 18:39:17 - DEBUG - Getting Toys | {"txt":"","price":0,"inStock":false,"sortBy":""} 
29.9.2023, 18:39:19 - INFO - Req was made | / 
29.9.2023, 18:39:19 - DEBUG - Getting Toys | {"txt":"","price":0,"inStock":true,"sortBy":""} 
29.9.2023, 18:39:20 - INFO - Req was made | / 
29.9.2023, 18:39:20 - DEBUG - Getting Toys | {"txt":"","price":0,"inStock":false,"sortBy":""} 
29.9.2023, 18:39:44 - INFO - Req was made | / 
29.9.2023, 18:39:44 - DEBUG - Getting Toys | {"txt":"","price":0,"inStock":false,"sortBy":""} 
29.9.2023, 18:39:53 - DEBUG - Getting Toys | {"txt":"","price":0,"inStock":false,"sortBy":""} 
29.9.2023, 18:39:53 - INFO - Req was made | / 
29.9.2023, 18:41:32 - INFO - server.js loaded... 
29.9.2023, 18:41:32 - INFO - Server is running on port: 3030 
29.9.2023, 18:41:35 - INFO - Req was made | / 
29.9.2023, 18:41:35 - DEBUG - Getting Toys | {"txt":"","price":0,"inStock":false,"sortBy":""} 
29.9.2023, 18:41:40 - INFO - Req was made | / 
29.9.2023, 18:41:40 - DEBUG - Getting Toys | {"txt":"","price":0,"inStock":false,"sortBy":""} 
29.9.2023, 18:41:40 - INFO - Req was made | / 
29.9.2023, 18:41:40 - DEBUG - Getting Toys | {"txt":"","price":0,"inStock":false,"sortBy":""} 
29.9.2023, 18:41:42 - INFO - Req was made | / 
29.9.2023, 18:41:42 - DEBUG - Getting Toys | {"txt":"","price":0,"inStock":false,"sortBy":""} 
29.9.2023, 18:42:03 - INFO - Req was made | / 
29.9.2023, 18:42:03 - DEBUG - Getting Toys | {"txt":"","price":0,"inStock":false,"sortBy":""} 
29.9.2023, 18:42:47 - INFO - Req was made | / 
29.9.2023, 18:42:47 - DEBUG - Getting Toys | {"txt":"","price":0,"inStock":false,"sortBy":""} 
29.9.2023, 18:44:37 - INFO - Req was made | / 
29.9.2023, 18:44:37 - DEBUG - Getting Toys | {"txt":"","price":0,"inStock":false,"sortBy":""} 
30.9.2023, 12:38:03 - INFO - Req was made | / 
30.9.2023, 12:38:03 - DEBUG - Getting Toys | {"txt":"","price":0,"inStock":false,"sortBy":""} 
30.9.2023, 12:38:03 - INFO - Req was made | / 
30.9.2023, 12:38:03 - DEBUG - Getting Toys | {"txt":"","price":0,"inStock":false,"sortBy":""} 
30.9.2023, 12:38:08 - INFO - Req was made | / 
30.9.2023, 12:38:08 - DEBUG - Getting Toys | {"txt":"","price":0,"inStock":false,"sortBy":""} 
30.9.2023, 12:38:08 - INFO - Req was made | / 
30.9.2023, 12:38:08 - DEBUG - Getting Toys | {"txt":"","price":0,"inStock":false,"sortBy":""} 
30.9.2023, 12:52:23 - INFO - Req was made | / 
30.9.2023, 12:52:23 - DEBUG - Getting Toys | {"txt":"","price":0,"inStock":false,"sortBy":""} 
30.9.2023, 12:52:23 - INFO - Req was made | / 
30.9.2023, 12:52:23 - DEBUG - Getting Toys | {"txt":"","price":0,"inStock":false,"sortBy":""} 
30.9.2023, 12:58:26 - INFO - Req was made | / 
30.9.2023, 12:58:26 - DEBUG - Getting Toys | {"txt":"","price":0,"inStock":false,"sortBy":""} 
30.9.2023, 12:58:26 - INFO - Req was made | / 
30.9.2023, 12:58:26 - DEBUG - Getting Toys | {"txt":"","price":0,"inStock":false,"sortBy":""} 
30.9.2023, 13:10:50 - INFO - Req was made | / 
30.9.2023, 13:10:50 - DEBUG - Getting Toys | {"txt":"","price":0,"inStock":false,"sortBy":""} 
30.9.2023, 13:10:51 - DEBUG - Getting Toys | {"txt":"","price":0,"inStock":false,"sortBy":""} 
30.9.2023, 13:10:51 - INFO - Req was made | / 
30.9.2023, 13:20:52 - INFO - Req was made | / 
30.9.2023, 13:20:52 - DEBUG - Getting Toys | {"txt":"","price":0,"inStock":false,"sortBy":""} 
30.9.2023, 13:20:53 - DEBUG - Getting Toys | {"txt":"","price":0,"inStock":false,"sortBy":""} 
30.9.2023, 13:20:53 - INFO - Req was made | / 
30.9.2023, 13:38:44 - DEBUG - Getting Toys | {"txt":"","price":0,"inStock":false,"sortBy":""} 
30.9.2023, 13:38:44 - INFO - Req was made | / 
30.9.2023, 13:38:45 - DEBUG - Getting Toys | {"txt":"","price":0,"inStock":false,"sortBy":""} 
30.9.2023, 13:38:45 - INFO - Req was made | / 
30.9.2023, 13:42:38 - INFO - Req was made | / 
30.9.2023, 13:42:38 - DEBUG - Getting Toys | {"txt":"","price":0,"inStock":false,"sortBy":""} 
30.9.2023, 13:42:38 - INFO - Req was made | / 
30.9.2023, 13:42:38 - DEBUG - Getting Toys | {"txt":"","price":0,"inStock":false,"sortBy":""} 
30.9.2023, 13:43:04 - INFO - Req was made | / 
30.9.2023, 13:43:04 - DEBUG - Getting Toys | {"txt":"","price":0,"inStock":false,"sortBy":""} 
30.9.2023, 13:43:04 - INFO - Req was made | / 
30.9.2023, 13:43:04 - DEBUG - Getting Toys | {"txt":"","price":0,"inStock":false,"sortBy":""} 
30.9.2023, 13:43:05 - INFO - Req was made | / 
30.9.2023, 13:43:05 - DEBUG - Getting Toys | {"txt":"","price":0,"inStock":false,"sortBy":""} 
30.9.2023, 13:43:06 - DEBUG - Getting Toys | {"txt":"","price":0,"inStock":false,"sortBy":""} 
30.9.2023, 13:43:06 - INFO - Req was made | / 
30.9.2023, 13:44:05 - DEBUG - auth.service - signup with username: klil, fullname: Klil Ashkenazi 
30.9.2023, 13:44:05 - DEBUG - auth.route - new account created: {"username":"klil","password":"$2b$10$gYO7nTjvemLpba2fMvt0lOJZrTRiTWzGCeQ9X7XgFGcXTRCYDopVq","fullname":"Klil Ashkenazi","score":0,"_id":"6517fbf5f905e552608fa3f5"} 
30.9.2023, 13:44:05 - DEBUG - auth.service - login with username: klil 
30.9.2023, 13:44:37 - DEBUG - auth.service - login with username: klil 
30.9.2023, 13:44:37 - INFO - User login:  | {"_id":"6517fbf5f905e552608fa3f5","username":"klil","fullname":"Klil Ashkenazi","score":0} 
30.9.2023, 13:57:37 - INFO - Req was made | / 
30.9.2023, 13:57:37 - DEBUG - Getting Toys | {"txt":"","price":0,"inStock":false,"sortBy":""} 
30.9.2023, 13:57:37 - INFO - Req was made | / 
30.9.2023, 13:57:37 - DEBUG - Getting Toys | {"txt":"","price":0,"inStock":false,"sortBy":""} 
30.9.2023, 14:09:26 - INFO - Req was made | / 
30.9.2023, 14:09:26 - DEBUG - Getting Toys | {"txt":"","price":0,"inStock":false,"sortBy":""} 
30.9.2023, 14:09:26 - INFO - Req was made | / 
30.9.2023, 14:09:26 - DEBUG - Getting Toys | {"txt":"","price":0,"inStock":false,"sortBy":""} 
30.9.2023, 14:09:30 - INFO - Req was made | / 
30.9.2023, 14:09:30 - DEBUG - Getting Toys | {"txt":"","price":0,"inStock":false,"sortBy":""} 
30.9.2023, 14:09:31 - INFO - Req was made | / 
30.9.2023, 14:09:31 - DEBUG - Getting Toys | {"txt":"","price":0,"inStock":false,"sortBy":""} 
30.9.2023, 14:09:39 - INFO - Req was made | / 
30.9.2023, 14:09:39 - DEBUG - Getting Toys | {"txt":"","price":0,"inStock":false,"sortBy":""} 
30.9.2023, 14:09:40 - INFO - Req was made | / 
30.9.2023, 14:09:40 - DEBUG - Getting Toys | {"txt":"","price":0,"inStock":false,"sortBy":""} 
30.9.2023, 14:13:24 - INFO - Req was made | / 
30.9.2023, 14:13:24 - DEBUG - Getting Toys | {"txt":"","price":0,"inStock":false,"sortBy":""} 
30.9.2023, 14:13:25 - INFO - Req was made | / 
30.9.2023, 14:13:25 - DEBUG - Getting Toys | {"txt":"","price":0,"inStock":false,"sortBy":""} 
30.9.2023, 14:15:54 - INFO - Req was made | / 
30.9.2023, 14:15:54 - DEBUG - Getting Toys | {"txt":"","price":0,"inStock":false,"sortBy":""} 
30.9.2023, 14:15:55 - INFO - Req was made | / 
30.9.2023, 14:15:55 - DEBUG - Getting Toys | {"txt":"","price":0,"inStock":false,"sortBy":""} 
30.9.2023, 14:19:37 - INFO - server.js loaded... 
30.9.2023, 14:19:37 - INFO - Server is running on port: 3030 
30.9.2023, 14:19:53 - INFO - Req was made | / 
30.9.2023, 14:19:53 - DEBUG - Getting Toys | {"txt":"","price":0,"inStock":false,"sortBy":""} 
30.9.2023, 14:19:54 - DEBUG - Getting Toys | {"txt":"","price":0,"inStock":false,"sortBy":""} 
30.9.2023, 14:19:54 - INFO - Req was made | / 
30.9.2023, 14:20:02 - INFO - Req was made | / 
30.9.2023, 14:20:02 - DEBUG - Getting Toys | {"txt":"","price":0,"inStock":false,"sortBy":""} 
30.9.2023, 14:20:02 - INFO - Req was made | / 
30.9.2023, 14:20:02 - DEBUG - Getting Toys | {"txt":"","price":0,"inStock":false,"sortBy":""} 
30.9.2023, 16:24:22 - INFO - Req was made | / 
30.9.2023, 16:24:22 - DEBUG - Getting Toys | {"txt":"","price":0,"inStock":false,"sortBy":""} 
30.9.2023, 16:24:22 - INFO - Req was made | / 
30.9.2023, 16:24:22 - DEBUG - Getting Toys | {"txt":"","price":0,"inStock":false,"sortBy":""} 
30.9.2023, 16:24:30 - INFO - Req was made | / 
30.9.2023, 16:24:30 - DEBUG - Getting Toys | {"txt":"","price":0,"inStock":false,"sortBy":""} 
30.9.2023, 16:24:31 - INFO - Req was made | / 
30.9.2023, 16:24:31 - DEBUG - Getting Toys | {"txt":"","price":0,"inStock":false,"sortBy":""} 
30.9.2023, 16:25:44 - INFO - Req was made | / 
30.9.2023, 16:25:44 - DEBUG - Getting Toys | {"txt":"","price":0,"inStock":false,"sortBy":""} 
30.9.2023, 16:25:45 - INFO - Req was made | / 
30.9.2023, 16:25:45 - DEBUG - Getting Toys | {"txt":"","price":0,"inStock":false,"sortBy":""} 
30.9.2023, 16:27:23 - INFO - Req was made | / 
30.9.2023, 16:27:23 - ERROR - Cannot load toys | SyntaxError: Unexpected token u in JSON at position 0 
30.9.2023, 16:28:01 - INFO - Req was made | / 
30.9.2023, 16:28:01 - DEBUG - Getting Toys | {"txt":"","price":0,"inStock":false,"sortBy":""} 
30.9.2023, 16:28:02 - INFO - Req was made | / 
30.9.2023, 16:28:02 - DEBUG - Getting Toys | {"txt":"","price":0,"inStock":false,"sortBy":""} 
30.9.2023, 16:28:36 - INFO - Req was made | / 
30.9.2023, 16:28:36 - ERROR - Cannot load toys | SyntaxError: Unexpected token u in JSON at position 0 
30.9.2023, 16:29:06 - INFO - server.js loaded... 
30.9.2023, 16:29:06 - INFO - Server is running on port: 3030 
30.9.2023, 16:29:09 - INFO - Req was made | / 
30.9.2023, 16:29:09 - ERROR - Cannot load toys | SyntaxError: Unexpected token u in JSON at position 0 
30.9.2023, 16:29:22 - INFO - Req was made | / 
30.9.2023, 16:29:22 - DEBUG - Getting Toys | {"txt":"","price":0,"inStock":false,"sortBy":""} 
30.9.2023, 16:29:22 - INFO - Req was made | / 
30.9.2023, 16:29:22 - DEBUG - Getting Toys | {"txt":"","price":0,"inStock":false,"sortBy":""} 
30.9.2023, 16:29:31 - INFO - Req was made | / 
30.9.2023, 16:29:31 - ERROR - Cannot load toys | SyntaxError: Unexpected token u in JSON at position 0 
30.9.2023, 16:30:12 - INFO - server.js loaded... 
30.9.2023, 16:30:12 - INFO - Server is running on port: 3030 
30.9.2023, 16:30:13 - INFO - Req was made | / 
30.9.2023, 16:30:13 - DEBUG - Getting Toys | {"price":null} 
30.9.2023, 16:31:37 - INFO - Req was made | / 
30.9.2023, 16:31:37 - DEBUG - Getting Toys | {"price":null} 
30.9.2023, 16:32:00 - DEBUG - Getting Toys | {"price":null} 
30.9.2023, 16:32:00 - INFO - Req was made | / 
30.9.2023, 16:32:15 - INFO - Req was made | / 
30.9.2023, 16:32:15 - DEBUG - Getting Toys | {"price":null} 
30.9.2023, 16:35:26 - INFO - Req was made | / 
30.9.2023, 16:35:26 - DEBUG - Getting Toys | {"price":null} 
30.9.2023, 16:36:48 - INFO - server.js loaded... 
30.9.2023, 16:36:48 - INFO - Server is running on port: 3030 
30.9.2023, 16:37:05 - INFO - server.js loaded... 
30.9.2023, 16:37:05 - INFO - Server is running on port: 3030 
30.9.2023, 16:38:32 - INFO - Server is running on port: 3030 
30.9.2023, 16:38:32 - INFO - server.js loaded... 
30.9.2023, 16:38:39 - INFO - server.js loaded... 
30.9.2023, 16:38:39 - INFO - Server is running on port: 3030 
30.9.2023, 16:39:11 - INFO - server.js loaded... 
30.9.2023, 16:39:11 - INFO - Server is running on port: 3030 
30.9.2023, 16:39:56 - INFO - server.js loaded... 
30.9.2023, 16:39:56 - INFO - Server is running on port: 3030 
30.9.2023, 16:39:57 - ERROR - Cannot get toy | ReferenceError: toyId is not defined 
30.9.2023, 16:41:51 - INFO - server.js loaded... 
30.9.2023, 16:41:51 - INFO - Server is running on port: 3030 
30.9.2023, 16:41:54 - ERROR - Cannot get toy | ReferenceError: toyId is not defined 
30.9.2023, 16:42:14 - INFO - server.js loaded... 
30.9.2023, 16:42:14 - INFO - Server is running on port: 3030 
30.9.2023, 16:44:21 - INFO - server.js loaded... 
30.9.2023, 16:44:21 - INFO - Server is running on port: 3030 
30.9.2023, 16:44:38 - INFO - Req was made | / 
30.9.2023, 16:44:38 - DEBUG - Getting Toys | {"txt":"","price":0,"inStock":"false","sortBy":""} 
30.9.2023, 16:44:38 - DEBUG - Getting Toys | {"txt":"","price":0,"inStock":"false","sortBy":""} 
30.9.2023, 16:44:38 - INFO - Req was made | / 
30.9.2023, 16:45:51 - INFO - server.js loaded... 
30.9.2023, 16:45:51 - INFO - Server is running on port: 3030 
30.9.2023, 16:45:56 - INFO - Req was made | / 
30.9.2023, 16:45:56 - DEBUG - Getting Toys | {"txt":"","price":0,"inStock":false,"sortBy":""} 
30.9.2023, 16:45:57 - INFO - Req was made | / 
30.9.2023, 16:45:57 - DEBUG - Getting Toys | {"txt":"","price":0,"inStock":false,"sortBy":""} 
30.9.2023, 16:46:01 - INFO - Req was made | / 
30.9.2023, 16:46:01 - DEBUG - Getting Toys | {"txt":"","price":0,"inStock":false,"sortBy":""} 
30.9.2023, 16:46:02 - INFO - Req was made | / 
30.9.2023, 16:46:02 - DEBUG - Getting Toys | {"txt":"","price":0,"inStock":false,"sortBy":""} 
30.9.2023, 16:46:04 - INFO - Req was made | / 
30.9.2023, 16:46:04 - DEBUG - Getting Toys | {"txt":"","price":0,"inStock":false,"sortBy":""} 
30.9.2023, 16:46:04 - INFO - Req was made | / 
30.9.2023, 16:46:04 - DEBUG - Getting Toys | {"txt":"","price":0,"inStock":false,"sortBy":""} 
30.9.2023, 16:46:12 - INFO - Req was made | / 
30.9.2023, 16:46:12 - DEBUG - Getting Toys | {"txt":"","price":0,"inStock":false,"sortBy":""} 
30.9.2023, 16:46:12 - INFO - Req was made | / 
30.9.2023, 16:46:12 - DEBUG - Getting Toys | {"txt":"","price":0,"inStock":false,"sortBy":""} 
30.9.2023, 16:46:16 - INFO - Req was made | / 
30.9.2023, 16:46:16 - DEBUG - Getting Toys | {"txt":"","price":0,"inStock":false,"sortBy":""} 
30.9.2023, 16:46:17 - INFO - Req was made | / 
30.9.2023, 16:46:17 - DEBUG - Getting Toys | {"txt":"","price":0,"inStock":false,"sortBy":""} 
30.9.2023, 16:46:23 - INFO - Req was made | / 
30.9.2023, 16:46:23 - DEBUG - Getting Toys | {"txt":"","price":0,"inStock":false,"sortBy":""} 
30.9.2023, 16:46:23 - INFO - Req was made | / 
30.9.2023, 16:46:23 - DEBUG - Getting Toys | {"txt":"","price":0,"inStock":false,"sortBy":""} 
30.9.2023, 16:46:46 - INFO - Req was made | / 
30.9.2023, 16:46:46 - DEBUG - Getting Toys | {"txt":"","price":0,"inStock":false,"sortBy":""} 
30.9.2023, 16:46:46 - INFO - Req was made | / 
30.9.2023, 16:46:46 - DEBUG - Getting Toys | {"txt":"","price":0,"inStock":false,"sortBy":""} 
30.9.2023, 16:47:11 - DEBUG - Getting Toys | {"txt":"","price":0,"inStock":false,"sortBy":""} 
30.9.2023, 16:47:11 - INFO - Req was made | / 
30.9.2023, 16:47:11 - INFO - Req was made | / 
30.9.2023, 16:47:11 - DEBUG - Getting Toys | {"txt":"","price":0,"inStock":false,"sortBy":""} 
30.9.2023, 16:47:26 - INFO - Req was made | / 
30.9.2023, 16:47:26 - DEBUG - Getting Toys | {"txt":"","price":0,"inStock":false,"sortBy":""} 
30.9.2023, 16:47:26 - INFO - Req was made | / 
30.9.2023, 16:47:26 - DEBUG - Getting Toys | {"txt":"","price":0,"inStock":false,"sortBy":""} 
30.9.2023, 16:47:32 - DEBUG - Getting Toys | {"txt":"","price":0,"inStock":true,"sortBy":""} 
30.9.2023, 16:47:32 - INFO - Req was made | / 
30.9.2023, 16:47:34 - INFO - Req was made | / 
30.9.2023, 16:47:34 - DEBUG - Getting Toys | {"txt":"","price":0,"inStock":false,"sortBy":""} 
30.9.2023, 16:47:36 - DEBUG - Getting Toys | {"txt":"","price":0,"inStock":false,"sortBy":""} 
30.9.2023, 16:47:36 - INFO - Req was made | / 
30.9.2023, 16:47:46 - INFO - Req was made | / 
30.9.2023, 16:47:46 - DEBUG - Getting Toys | {"txt":"","price":0,"inStock":false,"sortBy":""} 
30.9.2023, 16:47:46 - INFO - Req was made | / 
30.9.2023, 16:47:46 - DEBUG - Getting Toys | {"txt":"","price":0,"inStock":false,"sortBy":""} 
30.9.2023, 16:48:04 - INFO - Req was made | / 
30.9.2023, 16:48:04 - DEBUG - Getting Toys | {"txt":"","price":0,"inStock":false,"sortBy":""} 
30.9.2023, 16:50:16 - INFO - Req was made | / 
30.9.2023, 16:50:16 - DEBUG - Getting Toys | {"txt":"","price":0,"inStock":false,"sortBy":""} 
30.9.2023, 16:50:16 - INFO - Req was made | / 
30.9.2023, 16:50:16 - DEBUG - Getting Toys | {"txt":"","price":0,"inStock":false,"sortBy":""} 
30.9.2023, 16:58:09 - INFO - Req was made | / 
30.9.2023, 16:58:09 - DEBUG - Getting Toys | {"txt":"","price":0,"inStock":false,"sortBy":""} 
30.9.2023, 16:58:10 - DEBUG - Getting Toys | {"txt":"","price":0,"inStock":false,"sortBy":""} 
30.9.2023, 16:58:10 - INFO - Req was made | / 
30.9.2023, 17:01:46 - INFO - Req was made | / 
30.9.2023, 17:01:46 - DEBUG - Getting Toys | {"txt":"","price":0,"inStock":false,"sortBy":""} 
30.9.2023, 17:03:17 - INFO - Req was made | / 
30.9.2023, 17:03:17 - DEBUG - Getting Toys | {"txt":"","price":0,"inStock":false,"sortBy":""} 
30.9.2023, 17:03:17 - INFO - Req was made | / 
30.9.2023, 17:03:17 - DEBUG - Getting Toys | {"txt":"","price":0,"inStock":false,"sortBy":""} 
30.9.2023, 17:04:03 - INFO - Req was made | / 
30.9.2023, 17:04:03 - DEBUG - Getting Toys | {"txt":"","price":0,"inStock":false,"sortBy":""} 
30.9.2023, 17:04:04 - DEBUG - Getting Toys | {"txt":"","price":0,"inStock":false,"sortBy":""} 
30.9.2023, 17:04:04 - INFO - Req was made | / 
30.9.2023, 17:04:13 - DEBUG - auth.service - login with username: klil 
30.9.2023, 17:04:13 - ERROR - Failed to Login Error: Invalid username or password 
30.9.2023, 17:05:27 - DEBUG - auth.service - login with username: klil 
30.9.2023, 17:05:27 - ERROR - Failed to Login Error: Invalid username or password 
30.9.2023, 17:05:49 - DEBUG - auth.service - login with username: klil 
30.9.2023, 17:05:50 - INFO - User login:  | {"_id":"6517fbf5f905e552608fa3f5","username":"klil","fullname":"Klil Ashkenazi","isAdmin":"false"} 
30.9.2023, 17:05:59 - INFO - Req was made | / 
30.9.2023, 17:05:59 - DEBUG - Getting Toys | {"txt":"","price":0,"inStock":false,"sortBy":""} 
30.9.2023, 17:06:00 - DEBUG - Getting Toys | {"txt":"","price":0,"inStock":false,"sortBy":""} 
30.9.2023, 17:06:00 - INFO - Req was made | / 
30.9.2023, 17:06:07 - DEBUG - Getting Toys | {"txt":"","price":0,"inStock":false,"sortBy":""} 
30.9.2023, 17:06:07 - INFO - Req was made | / 
30.9.2023, 17:06:27 - DEBUG - auth.service - login with username: klil 
30.9.2023, 17:06:28 - INFO - User login:  | {"_id":"6517fbf5f905e552608fa3f5","username":"klil","fullname":"Klil Ashkenazi","isAdmin":"false"} 
30.9.2023, 17:10:56 - DEBUG - auth.service - login with username: klil 
30.9.2023, 17:10:56 - INFO - User login:  | {"_id":"6517fbf5f905e552608fa3f5","username":"klil","fullname":"Klil Ashkenazi","isAdmin":"false"} 
30.9.2023, 17:10:59 - INFO - Req was made | / 
30.9.2023, 17:10:59 - DEBUG - Getting Toys | {"txt":"","price":0,"inStock":false,"sortBy":""} 
30.9.2023, 17:10:59 - INFO - Req was made | / 
30.9.2023, 17:10:59 - DEBUG - Getting Toys | {"txt":"","price":0,"inStock":false,"sortBy":""} 
30.9.2023, 17:15:11 - DEBUG - Getting Toys | {"txt":"","price":0,"inStock":false,"sortBy":""} 
30.9.2023, 17:15:11 - INFO - Req was made | / 
30.9.2023, 17:15:11 - INFO - Req was made | / 
30.9.2023, 17:15:11 - DEBUG - Getting Toys | {"txt":"","price":0,"inStock":false,"sortBy":""} 
30.9.2023, 17:15:21 - DEBUG - auth.service - login with username: klil 
30.9.2023, 17:15:21 - INFO - User login:  | {"_id":"6517fbf5f905e552608fa3f5","username":"klil","fullname":"Klil Ashkenazi","isAdmin":false} 
30.9.2023, 17:15:23 - INFO - Req was made | / 
30.9.2023, 17:15:23 - DEBUG - Getting Toys | {"txt":"","price":0,"inStock":false,"sortBy":""} 
30.9.2023, 17:15:23 - INFO - Req was made | / 
30.9.2023, 17:15:23 - DEBUG - Getting Toys | {"txt":"","price":0,"inStock":false,"sortBy":""} 
30.9.2023, 17:20:09 - INFO - server.js loaded... 
30.9.2023, 17:20:09 - INFO - Server is running on port: 3030 
30.9.2023, 17:24:15 - INFO - Req was made | / 
30.9.2023, 17:24:15 - DEBUG - Getting Toys | {"txt":"","price":0,"inStock":false,"sortBy":""} 
30.9.2023, 17:24:15 - INFO - Req was made | / 
30.9.2023, 17:24:15 - DEBUG - Getting Toys | {"txt":"","price":0,"inStock":false,"sortBy":""} 
30.9.2023, 17:25:49 - INFO - Req was made | / 
30.9.2023, 17:25:49 - DEBUG - Getting Toys | {"txt":"","price":0,"inStock":false,"sortBy":""} 
30.9.2023, 17:25:49 - INFO - Req was made | / 
30.9.2023, 17:25:49 - DEBUG - Getting Toys | {"txt":"","price":0,"inStock":false,"sortBy":""} 
30.9.2023, 17:25:56 - DEBUG - auth.service - login with username: klil 
30.9.2023, 17:25:56 - INFO - User login:  | {"_id":"6517fbf5f905e552608fa3f5","username":"klil","fullname":"Klil Ashkenazi","isAdmin":true} 
30.9.2023, 17:26:00 - DEBUG - Getting Toys | {"txt":"","price":0,"inStock":false,"sortBy":""} 
30.9.2023, 17:26:00 - INFO - Req was made | / 
30.9.2023, 17:26:01 - INFO - Req was made | / 
30.9.2023, 17:26:01 - DEBUG - Getting Toys | {"txt":"","price":0,"inStock":false,"sortBy":""} 
30.9.2023, 17:26:06 - INFO - Req was made | / 
30.9.2023, 17:26:06 - DEBUG - Getting Toys | {"txt":"","price":0,"inStock":false,"sortBy":""} 
30.9.2023, 17:26:06 - INFO - Req was made | / 
30.9.2023, 17:26:06 - DEBUG - Getting Toys | {"txt":"","price":0,"inStock":false,"sortBy":""} 
30.9.2023, 17:54:04 - INFO - Req was made | / 
30.9.2023, 17:54:04 - DEBUG - Getting Toys | {"txt":"","price":0,"inStock":false,"sortBy":""} 
30.9.2023, 17:54:04 - INFO - Req was made | / 
30.9.2023, 17:54:04 - DEBUG - Getting Toys | {"txt":"","price":0,"inStock":false,"sortBy":""} 
30.9.2023, 17:57:35 - INFO - Req was made | / 
30.9.2023, 17:57:35 - DEBUG - Getting Toys | {"txt":"","price":0,"inStock":false,"sortBy":""} 
30.9.2023, 17:57:36 - INFO - Req was made | / 
30.9.2023, 17:57:36 - DEBUG - Getting Toys | {"txt":"","price":0,"inStock":false,"sortBy":""} 
30.9.2023, 18:00:43 - DEBUG - Getting Toys | {"txt":"","price":0,"inStock":false,"sortBy":""} 
30.9.2023, 18:00:43 - INFO - Req was made | / 
30.9.2023, 18:00:43 - INFO - Req was made | / 
30.9.2023, 18:00:43 - DEBUG - Getting Toys | {"txt":"","price":0,"inStock":false,"sortBy":""} 
30.9.2023, 18:20:49 - INFO - Req was made | / 
30.9.2023, 18:20:49 - ERROR - Cannot load toys | SyntaxError: Unexpected token u in JSON at position 0 
30.9.2023, 18:21:09 - INFO - Req was made | / 
30.9.2023, 18:21:09 - ERROR - Cannot load toys | SyntaxError: Unexpected token u in JSON at position 0 
30.9.2023, 18:33:13 - DEBUG - Getting Toys | {"txt":"","price":0,"inStock":false,"sortBy":""} 
30.9.2023, 18:33:13 - INFO - Req was made | / 
30.9.2023, 18:33:13 - INFO - Req was made | / 
30.9.2023, 18:33:13 - DEBUG - Getting Toys | {"txt":"","price":0,"inStock":false,"sortBy":""} 
30.9.2023, 18:33:25 - DEBUG - auth.service - login with username: klil 
30.9.2023, 18:33:25 - INFO - User login:  | {"_id":"6517fbf5f905e552608fa3f5","username":"klil","fullname":"Klil Ashkenazi","isAdmin":true} 
30.9.2023, 18:34:14 - INFO - Req was made | / 
30.9.2023, 18:34:14 - DEBUG - Getting Toys | {"txt":"","price":0,"inStock":false,"sortBy":""} 
30.9.2023, 18:34:15 - INFO - Req was made | / 
30.9.2023, 18:34:15 - DEBUG - Getting Toys | {"txt":"","price":0,"inStock":false,"sortBy":""} 
30.9.2023, 18:38:22 - DEBUG - auth.service - login with username: klil 
30.9.2023, 18:38:23 - INFO - User login:  | {"_id":"6517fbf5f905e552608fa3f5","username":"klil","fullname":"Klil Ashkenazi","isAdmin":true} 
30.9.2023, 18:41:49 - INFO - Req was made | / 
30.9.2023, 18:41:49 - DEBUG - Getting Toys | {"txt":"","price":0,"inStock":false,"sortBy":""} 
30.9.2023, 18:41:50 - INFO - Req was made | / 
30.9.2023, 18:41:50 - DEBUG - Getting Toys | {"txt":"","price":0,"inStock":false,"sortBy":""} 
30.9.2023, 18:41:58 - DEBUG - auth.service - login with username: klil 
30.9.2023, 18:41:59 - INFO - User login:  | {"_id":"6517fbf5f905e552608fa3f5","username":"klil","fullname":"Klil Ashkenazi","isAdmin":true} 
30.9.2023, 18:43:45 - DEBUG - auth.service - login with username: klil 
30.9.2023, 18:43:45 - INFO - User login:  | {"_id":"6517fbf5f905e552608fa3f5","username":"klil","fullname":"Klil Ashkenazi","isAdmin":true} 
30.9.2023, 18:43:45 - INFO - Req was made | / 
30.9.2023, 18:43:45 - DEBUG - Getting Toys | {"txt":"","price":0,"inStock":false,"sortBy":""} 
30.9.2023, 18:43:45 - INFO - Req was made | / 
30.9.2023, 18:43:45 - DEBUG - Getting Toys | {"txt":"","price":0,"inStock":false,"sortBy":""} 
30.9.2023, 18:46:48 - INFO - Req was made | / 
30.9.2023, 18:46:48 - DEBUG - Getting Toys | {"txt":"","price":0,"inStock":false,"sortBy":""} 
30.9.2023, 18:46:48 - INFO - Req was made | / 
30.9.2023, 18:46:48 - DEBUG - Getting Toys | {"txt":"","price":0,"inStock":false,"sortBy":""} 
30.9.2023, 18:50:29 - INFO - Req was made | / 
30.9.2023, 18:50:29 - DEBUG - Getting Toys | {"txt":"","price":0,"inStock":false,"sortBy":""} 
30.9.2023, 18:50:29 - INFO - Req was made | / 
30.9.2023, 18:50:29 - DEBUG - Getting Toys | {"txt":"","price":0,"inStock":false,"sortBy":""} 
30.9.2023, 20:18:40 - INFO - server.js loaded... 
30.9.2023, 20:18:40 - INFO - Server is running on port: 3030 
30.9.2023, 20:19:23 - INFO - server.js loaded... 
30.9.2023, 20:19:23 - INFO - Server is running on port: 3030 
30.9.2023, 20:50:14 - DEBUG - Getting Toys | {"txt":"","price":0,"inStock":false,"sortBy":""} 
30.9.2023, 20:50:14 - INFO - Req was made | / 
30.9.2023, 20:50:14 - INFO - Req was made | / 
30.9.2023, 20:50:14 - DEBUG - Getting Toys | {"txt":"","price":0,"inStock":false,"sortBy":""} 
30.9.2023, 20:51:53 - DEBUG - auth.service - login with username: klil 
30.9.2023, 20:51:53 - INFO - User login:  | {"_id":"6517fbf5f905e552608fa3f5","username":"klil","fullname":"Klil Ashkenazi","isAdmin":true} 
30.9.2023, 20:51:53 - INFO - Req was made | / 
30.9.2023, 20:51:53 - DEBUG - Getting Toys | {"txt":"","price":0,"inStock":false,"sortBy":""} 
30.9.2023, 20:51:53 - INFO - Req was made | / 
30.9.2023, 20:51:53 - DEBUG - Getting Toys | {"txt":"","price":0,"inStock":false,"sortBy":""} 
30.9.2023, 20:54:42 - INFO - Req was made | / 
30.9.2023, 20:54:42 - DEBUG - Getting Toys | {"txt":"","price":0,"inStock":false,"sortBy":""} 
30.9.2023, 20:54:42 - INFO - Req was made | / 
30.9.2023, 20:54:42 - DEBUG - Getting Toys | {"txt":"","price":0,"inStock":false,"sortBy":""} 
30.9.2023, 20:54:51 - INFO - Req was made | / 
30.9.2023, 20:54:51 - DEBUG - Getting Toys | {"txt":"","price":0,"inStock":false,"sortBy":""} 
30.9.2023, 20:54:52 - INFO - Req was made | / 
30.9.2023, 20:54:52 - DEBUG - Getting Toys | {"txt":"","price":0,"inStock":false,"sortBy":""} 
30.9.2023, 20:54:55 - INFO - Req was made | / 
30.9.2023, 20:54:55 - DEBUG - Getting Toys | {"txt":"","price":0,"inStock":false,"sortBy":""} 
30.9.2023, 20:54:55 - INFO - Req was made | / 
30.9.2023, 20:54:55 - DEBUG - Getting Toys | {"txt":"","price":0,"inStock":false,"sortBy":""} 
30.9.2023, 21:02:43 - INFO - Req was made | / 
30.9.2023, 21:02:43 - DEBUG - Getting Toys | {"txt":"","price":0,"inStock":false,"sortBy":""} 
30.9.2023, 21:02:43 - INFO - Req was made | / 
30.9.2023, 21:02:43 - DEBUG - Getting Toys | {"txt":"","price":0,"inStock":false,"sortBy":""} 
30.9.2023, 21:03:19 - DEBUG - auth.service - signup with username: muki, fullname: Muki Pa 
30.9.2023, 21:03:19 - DEBUG - auth.route - new account created: {"username":"muki","password":"$2b$10$fi/mu8Pzy2XOOVRVELMwFOurd/57T1.56nr.5rfG5YRcVFnf26Zmu","fullname":"Muki Pa","score":0,"_id":"651862e77c7d044a2404e1b9"} 
30.9.2023, 21:03:19 - DEBUG - auth.service - login with username: muki 
30.9.2023, 21:03:19 - INFO - Req was made | / 
30.9.2023, 21:03:19 - DEBUG - Getting Toys | {"txt":"","price":0,"inStock":false,"sortBy":""} 
30.9.2023, 21:03:20 - INFO - Req was made | / 
30.9.2023, 21:03:20 - DEBUG - Getting Toys | {"txt":"","price":0,"inStock":false,"sortBy":""} 
30.9.2023, 21:03:29 - INFO - Req was made | / 
30.9.2023, 21:03:29 - DEBUG - Getting Toys | {"txt":"","price":0,"inStock":false,"sortBy":""} 
30.9.2023, 21:03:29 - INFO - Req was made | / 
30.9.2023, 21:03:29 - DEBUG - Getting Toys | {"txt":"","price":0,"inStock":false,"sortBy":""} 
30.9.2023, 21:03:31 - DEBUG - Getting Toys | {"txt":"","price":0,"inStock":false,"sortBy":""} 
30.9.2023, 21:03:31 - INFO - Req was made | / 
30.9.2023, 21:03:32 - INFO - Req was made | / 
30.9.2023, 21:03:32 - DEBUG - Getting Toys | {"txt":"","price":0,"inStock":false,"sortBy":""} 
30.9.2023, 21:03:57 - INFO - Req was made | / 
30.9.2023, 21:03:57 - DEBUG - Getting Toys | {"txt":"","price":0,"inStock":false,"sortBy":""} 
30.9.2023, 21:03:57 - DEBUG - Getting Toys | {"txt":"","price":0,"inStock":false,"sortBy":""} 
30.9.2023, 21:03:57 - INFO - Req was made | / 
30.9.2023, 21:04:11 - INFO - Req was made | / 
30.9.2023, 21:04:11 - DEBUG - Getting Toys | {"txt":"","price":0,"inStock":false,"sortBy":""} 
30.9.2023, 21:04:11 - INFO - Req was made | / 
30.9.2023, 21:04:11 - DEBUG - Getting Toys | {"txt":"","price":0,"inStock":false,"sortBy":""} 
30.9.2023, 21:57:09 - DEBUG - Getting Toys | {"txt":"","price":0,"inStock":false,"sortBy":""} 
30.9.2023, 21:57:09 - INFO - Req was made | / 
30.9.2023, 21:57:10 - INFO - Req was made | / 
30.9.2023, 21:57:10 - DEBUG - Getting Toys | {"txt":"","price":0,"inStock":false,"sortBy":""} 
1.10.2023, 0:05:43 - INFO - Req was made | / 
1.10.2023, 0:05:43 - DEBUG - Getting Toys | {"txt":"","price":0,"inStock":false,"sortBy":""} 
1.10.2023, 0:05:44 - INFO - Req was made | / 
1.10.2023, 0:05:44 - DEBUG - Getting Toys | {"txt":"","price":0,"inStock":false,"sortBy":""} 
1.10.2023, 0:06:07 - INFO - Req was made | / 
1.10.2023, 0:06:07 - DEBUG - Getting Toys | {"txt":"","price":0,"inStock":true,"sortBy":""} 
1.10.2023, 0:06:08 - INFO - Req was made | / 
1.10.2023, 0:06:08 - DEBUG - Getting Toys | {"txt":"","price":0,"inStock":false,"sortBy":""} 
1.10.2023, 0:06:15 - INFO - Req was made | / 
1.10.2023, 0:06:15 - DEBUG - Getting Toys | {"txt":"sk","price":0,"inStock":false,"sortBy":""} 
1.10.2023, 0:06:16 - INFO - Req was made | / 
1.10.2023, 0:06:16 - DEBUG - Getting Toys | {"txt":"sk==","price":0,"inStock":false,"sortBy":""} 
1.10.2023, 0:06:17 - INFO - Req was made | / 
1.10.2023, 0:06:17 - DEBUG - Getting Toys | {"txt":"s","price":0,"inStock":false,"sortBy":""} 
1.10.2023, 0:06:18 - INFO - Req was made | / 
1.10.2023, 0:06:18 - DEBUG - Getting Toys | {"txt":"","price":0,"inStock":false,"sortBy":""} 
1.10.2023, 0:06:21 - INFO - Req was made | / 
1.10.2023, 0:06:21 - DEBUG - Getting Toys | {"txt":"","price":0,"inStock":false,"sortBy":""} 
1.10.2023, 0:10:11 - INFO - Req was made | / 
1.10.2023, 0:10:11 - DEBUG - Getting Toys | {"txt":"","price":0,"inStock":false,"sortBy":""} 
1.10.2023, 0:10:12 - INFO - Req was made | / 
1.10.2023, 0:10:12 - DEBUG - Getting Toys | {"txt":"","price":0,"inStock":false,"sortBy":""} 
1.10.2023, 0:20:59 - INFO - Req was made | / 
1.10.2023, 0:20:59 - DEBUG - Getting Toys | {"txt":"","price":0,"inStock":false,"sortBy":""} 
1.10.2023, 0:21:00 - INFO - Req was made | / 
1.10.2023, 0:21:00 - DEBUG - Getting Toys | {"txt":"","price":0,"inStock":false,"sortBy":""} 
1.10.2023, 0:21:13 - DEBUG - Getting Toys | {"txt":"","price":0,"inStock":false,"sortBy":""} 
1.10.2023, 0:21:13 - INFO - Req was made | / 
1.10.2023, 0:21:15 - INFO - Req was made | / 
1.10.2023, 0:21:15 - DEBUG - Getting Toys | {"txt":"","price":0,"inStock":false,"sortBy":""} 
1.10.2023, 14:25:16 - INFO - Req was made | / 
1.10.2023, 14:25:16 - DEBUG - Getting Toys | {"txt":"","price":0,"inStock":false,"sortBy":""} 
1.10.2023, 14:25:16 - INFO - Req was made | / 
1.10.2023, 14:25:16 - DEBUG - Getting Toys | {"txt":"","price":0,"inStock":false,"sortBy":""} 
1.10.2023, 14:39:28 - INFO - Req was made | / 
1.10.2023, 14:39:28 - DEBUG - Getting Toys | {"txt":"","price":0,"inStock":false,"sortBy":""} 
1.10.2023, 14:39:29 - INFO - Req was made | / 
1.10.2023, 14:39:29 - DEBUG - Getting Toys | {"txt":"","price":0,"inStock":false,"sortBy":""} 
1.10.2023, 14:49:51 - DEBUG - auth.service - login with username: klil 
1.10.2023, 14:49:51 - INFO - User login:  | {"_id":"6517fbf5f905e552608fa3f5","username":"klil","fullname":"Klil Ashkenazi","isAdmin":true} 
1.10.2023, 14:49:51 - INFO - Req was made | / 
1.10.2023, 14:49:51 - DEBUG - Getting Toys | {"txt":"","price":0,"inStock":false,"sortBy":""} 
1.10.2023, 14:49:52 - INFO - Req was made | / 
1.10.2023, 14:49:52 - DEBUG - Getting Toys | {"txt":"","price":0,"inStock":false,"sortBy":""} 
1.10.2023, 14:55:48 - INFO - Req was made | / 
1.10.2023, 14:55:48 - DEBUG - Getting Toys | {"txt":"","price":0,"inStock":false,"sortBy":""} 
1.10.2023, 14:56:48 - DEBUG - Getting Toys | {"txt":"","price":0,"inStock":false,"sortBy":""} 
1.10.2023, 14:56:48 - INFO - Req was made | / 
1.10.2023, 14:57:57 - INFO - Req was made | / 
1.10.2023, 14:57:57 - DEBUG - Getting Toys | {"txt":"","price":0,"inStock":false,"sortBy":""} 
1.10.2023, 15:00:27 - DEBUG - Getting Toys | {"txt":"","price":0,"inStock":false,"sortBy":""} 
1.10.2023, 15:00:27 - INFO - Req was made | / 
1.10.2023, 15:00:45 - INFO - Req was made | / 
1.10.2023, 15:00:45 - DEBUG - Getting Toys | {"txt":"","price":0,"inStock":false,"sortBy":""} 
1.10.2023, 15:00:45 - INFO - Req was made | / 
1.10.2023, 15:00:45 - DEBUG - Getting Toys | {"txt":"","price":0,"inStock":false,"sortBy":""} 
1.10.2023, 15:06:50 - INFO - Req was made | / 
1.10.2023, 15:06:50 - DEBUG - Getting Toys | {"txt":"","price":0,"inStock":false,"sortBy":""} 
1.10.2023, 15:09:52 - INFO - Req was made | / 
1.10.2023, 15:09:52 - DEBUG - Getting Toys | {"txt":"","price":0,"inStock":false,"sortBy":""} 
1.10.2023, 15:11:19 - INFO - Req was made | / 
1.10.2023, 15:11:19 - DEBUG - Getting Toys | {"txt":"","price":0,"inStock":false,"sortBy":""} 
1.10.2023, 15:12:05 - INFO - Req was made | / 
1.10.2023, 15:12:05 - DEBUG - Getting Toys | {"txt":"","price":0,"inStock":false,"sortBy":""} 
1.10.2023, 15:12:50 - INFO - Req was made | / 
1.10.2023, 15:12:50 - DEBUG - Getting Toys | {"txt":"","price":0,"inStock":false,"sortBy":""} 
1.10.2023, 15:22:42 - DEBUG - Getting Toys | {"txt":"","price":0,"inStock":false,"sortBy":""} 
1.10.2023, 15:22:42 - INFO - Req was made | / 
1.10.2023, 15:37:53 - INFO - server.js loaded... 
1.10.2023, 15:37:53 - INFO - Server is running on port: 3030 
1.10.2023, 15:51:13 - INFO - Req was made | / 
1.10.2023, 15:51:13 - DEBUG - Getting Toys | {"txt":"","price":0,"inStock":false,"sortBy":""} 
1.10.2023, 15:51:15 - INFO - Req was made | / 
1.10.2023, 15:51:15 - DEBUG - Getting Toys | {"txt":"","price":0,"inStock":false,"sortBy":""} 
1.10.2023, 15:52:03 - INFO - Req was made | / 
1.10.2023, 15:52:03 - DEBUG - Getting Toys | {"txt":"","price":0,"inStock":false,"sortBy":""} 
1.10.2023, 15:52:04 - INFO - Req was made | / 
1.10.2023, 15:52:04 - DEBUG - Getting Toys | {"txt":"","price":0,"inStock":false,"sortBy":""} 
1.10.2023, 15:54:59 - INFO - Req was made | / 
1.10.2023, 15:54:59 - DEBUG - Getting Toys | {"txt":"","price":0,"inStock":false,"sortBy":""} 
1.10.2023, 15:55:00 - INFO - Req was made | / 
1.10.2023, 15:55:00 - DEBUG - Getting Toys | {"txt":"","price":0,"inStock":false,"sortBy":""} 
1.10.2023, 15:55:34 - INFO - Req was made | / 
1.10.2023, 15:55:34 - DEBUG - Getting Toys | {"txt":"","price":0,"inStock":false,"sortBy":""} 
1.10.2023, 15:55:34 - INFO - Req was made | / 
1.10.2023, 15:55:34 - DEBUG - Getting Toys | {"txt":"","price":0,"inStock":false,"sortBy":""} 
1.10.2023, 16:08:36 - INFO - server.js loaded... 
1.10.2023, 16:08:36 - INFO - Server is running on port: 3030 
1.10.2023, 16:09:08 - INFO - Req was made | / 
1.10.2023, 16:09:08 - DEBUG - Getting Toys | {"txt":"","price":0,"inStock":false,"sortBy":""} 
1.10.2023, 16:09:08 - INFO - Req was made | / 
1.10.2023, 16:09:08 - DEBUG - Getting Toys | {"txt":"","price":0,"inStock":false,"sortBy":""} 
1.10.2023, 16:09:19 - INFO - Req was made | / 
1.10.2023, 16:09:19 - DEBUG - Getting Toys | {"txt":"","price":0,"inStock":false,"sortBy":""} 
1.10.2023, 16:09:19 - DEBUG - Getting Toys | {"txt":"","price":0,"inStock":false,"sortBy":""} 
1.10.2023, 16:09:19 - INFO - Req was made | / 
1.10.2023, 16:09:28 - DEBUG - auth.service - login with username: klil 
1.10.2023, 16:09:28 - INFO - User login:  | {"_id":"6517fbf5f905e552608fa3f5","username":"klil","fullname":"Klil Ashkenazi","isAdmin":true} 
1.10.2023, 16:09:28 - INFO - Req was made | / 
1.10.2023, 16:09:28 - DEBUG - Getting Toys | {"txt":"","price":0,"inStock":false,"sortBy":""} 
1.10.2023, 16:09:29 - INFO - Req was made | / 
1.10.2023, 16:09:29 - DEBUG - Getting Toys | {"txt":"","price":0,"inStock":false,"sortBy":""} 
1.10.2023, 16:13:44 - INFO - Req was made | / 
1.10.2023, 16:13:44 - DEBUG - Getting Toys | {"txt":"","price":0,"inStock":false,"sortBy":""} 
1.10.2023, 16:13:45 - INFO - Req was made | / 
1.10.2023, 16:13:45 - DEBUG - Getting Toys | {"txt":"","price":0,"inStock":false,"sortBy":""} 
1.10.2023, 16:13:54 - DEBUG - auth.service - login with username: klil 
1.10.2023, 16:13:54 - INFO - User login:  | {"_id":"6517fbf5f905e552608fa3f5","username":"klil","fullname":"Klil Ashkenazi","isAdmin":true} 
1.10.2023, 16:13:55 - INFO - Req was made | / 
1.10.2023, 16:13:55 - DEBUG - Getting Toys | {"txt":"","price":0,"inStock":false,"sortBy":""} 
1.10.2023, 16:13:55 - INFO - Req was made | / 
1.10.2023, 16:13:55 - DEBUG - Getting Toys | {"txt":"","price":0,"inStock":false,"sortBy":""} 
1.10.2023, 16:15:19 - INFO - server.js loaded... 
1.10.2023, 16:15:19 - INFO - Server is running on port: 3030 
1.10.2023, 16:16:37 - INFO - server.js loaded... 
1.10.2023, 16:16:37 - INFO - Server is running on port: 3030 
1.10.2023, 16:21:19 - INFO - server.js loaded... 
1.10.2023, 16:21:19 - INFO - Server is running on port: 3030 
1.10.2023, 16:21:52 - INFO - server.js loaded... 
1.10.2023, 16:21:52 - INFO - Server is running on port: 3030 
1.10.2023, 16:23:31 - INFO - Req was made | / 
1.10.2023, 16:23:31 - DEBUG - Getting Toys | {"txt":"","price":0,"inStock":false,"sortBy":""} 
1.10.2023, 16:23:32 - INFO - Req was made | / 
1.10.2023, 16:23:32 - DEBUG - Getting Toys | {"txt":"","price":0,"inStock":false,"sortBy":""} 
1.10.2023, 16:23:54 - INFO - Req was made | / 
1.10.2023, 16:23:54 - DEBUG - Getting Toys | {"txt":"","price":0,"inStock":false,"sortBy":""} 
1.10.2023, 16:23:54 - INFO - Req was made | / 
1.10.2023, 16:23:54 - DEBUG - Getting Toys | {"txt":"","price":0,"inStock":false,"sortBy":""} 
1.10.2023, 16:25:23 - INFO - server.js loaded... 
1.10.2023, 16:25:23 - INFO - Server is running on port: 3030 
1.10.2023, 16:25:44 - INFO - server.js loaded... 
1.10.2023, 16:25:44 - INFO - Server is running on port: 3030 
1.10.2023, 16:26:54 - INFO - server.js loaded... 
1.10.2023, 16:26:54 - INFO - Server is running on port: 3030 
1.10.2023, 16:27:06 - INFO - server.js loaded... 
1.10.2023, 16:27:06 - INFO - Server is running on port: 3030 
1.10.2023, 16:27:52 - INFO - server.js loaded... 
1.10.2023, 16:27:52 - INFO - Server is running on port: 3030 
1.10.2023, 16:28:03 - INFO - server.js loaded... 
1.10.2023, 16:28:03 - INFO - Server is running on port: 3030 
1.10.2023, 16:30:29 - INFO - server.js loaded... 
1.10.2023, 16:30:29 - INFO - Server is running on port: 3030 
1.10.2023, 16:30:42 - INFO - server.js loaded... 
1.10.2023, 16:30:42 - INFO - Server is running on port: 3030 
1.10.2023, 16:31:01 - INFO - server.js loaded... 
1.10.2023, 16:31:01 - INFO - Server is running on port: 3030 
1.10.2023, 16:31:13 - INFO - server.js loaded... 
1.10.2023, 16:31:13 - INFO - Server is running on port: 3030 
1.10.2023, 16:32:02 - INFO - server.js loaded... 
1.10.2023, 16:32:02 - INFO - Server is running on port: 3030 
1.10.2023, 16:32:19 - INFO - server.js loaded... 
1.10.2023, 16:32:19 - INFO - Server is running on port: 3030 
1.10.2023, 16:36:51 - INFO - server.js loaded... 
1.10.2023, 16:36:51 - INFO - Server is running on port: 3030 
1.10.2023, 16:37:03 - INFO - server.js loaded... 
1.10.2023, 16:37:03 - INFO - Server is running on port: 3030 
1.10.2023, 16:43:33 - INFO - Req was made | / 
1.10.2023, 16:43:33 - DEBUG - Getting Toys | {"txt":"","price":0,"inStock":false,"sortBy":""} 
1.10.2023, 16:43:34 - INFO - Req was made | / 
1.10.2023, 16:43:34 - DEBUG - Getting Toys | {"txt":"","price":0,"inStock":false,"sortBy":""} 
1.10.2023, 16:45:13 - INFO - Req was made | / 
1.10.2023, 16:45:13 - DEBUG - Getting Toys | {"txt":"","price":0,"inStock":false,"sortBy":""} 
1.10.2023, 16:45:13 - INFO - Req was made | / 
1.10.2023, 16:45:13 - DEBUG - Getting Toys | {"txt":"","price":0,"inStock":false,"sortBy":""} 
1.10.2023, 16:45:34 - INFO - Req was made | / 
1.10.2023, 16:45:34 - DEBUG - Getting Toys | {"txt":"","price":0,"inStock":false,"sortBy":""} 
1.10.2023, 16:45:34 - INFO - Req was made | / 
1.10.2023, 16:45:34 - DEBUG - Getting Toys | {"txt":"","price":0,"inStock":false,"sortBy":""} 
1.10.2023, 16:53:14 - INFO - server.js loaded... 
1.10.2023, 16:53:14 - INFO - Server is running on port: 3030 
1.10.2023, 16:53:17 - INFO - Req was made | / 
1.10.2023, 16:53:17 - DEBUG - Getting Toys | {"txt":"","price":0,"inStock":false,"sortBy":""} 
1.10.2023, 16:53:17 - INFO - Req was made | / 
1.10.2023, 16:53:17 - DEBUG - Getting Toys | {"txt":"","price":0,"inStock":false,"sortBy":""} 
1.10.2023, 16:55:19 - INFO - server.js loaded... 
1.10.2023, 16:55:19 - INFO - Server is running on port: 3030 
1.10.2023, 16:55:25 - ERROR - Cannot update toy | ReferenceError: toyId is not defined 
1.10.2023, 16:57:10 - INFO - server.js loaded... 
1.10.2023, 16:57:10 - INFO - Server is running on port: 3030 
1.10.2023, 16:57:24 - INFO - server.js loaded... 
1.10.2023, 16:57:24 - INFO - Server is running on port: 3030 
1.10.2023, 16:57:27 - ERROR - cannot update toy 6516cedb6d22355367aebcf5 | ReferenceError: car is not defined 
1.10.2023, 16:57:27 - ERROR - Cannot update toy | ReferenceError: car is not defined 
1.10.2023, 16:58:29 - INFO - server.js loaded... 
1.10.2023, 16:58:29 - INFO - Server is running on port: 3030 
1.10.2023, 16:58:33 - INFO - Req was made | / 
1.10.2023, 16:58:33 - DEBUG - Getting Toys | {"txt":"","price":0,"inStock":false,"sortBy":""} 
1.10.2023, 16:58:33 - INFO - Req was made | / 
1.10.2023, 16:58:33 - DEBUG - Getting Toys | {"txt":"","price":0,"inStock":false,"sortBy":""} 
1.10.2023, 16:58:42 - INFO - Req was made | / 
1.10.2023, 16:58:42 - DEBUG - Getting Toys | {"txt":"","price":0,"inStock":false,"sortBy":""} 
1.10.2023, 16:58:42 - INFO - Req was made | / 
1.10.2023, 16:58:42 - DEBUG - Getting Toys | {"txt":"","price":0,"inStock":false,"sortBy":""} 
1.10.2023, 17:01:41 - INFO - server.js loaded... 
1.10.2023, 17:01:41 - INFO - Server is running on port: 3030 
1.10.2023, 17:02:05 - INFO - Req was made | / 
1.10.2023, 17:02:05 - DEBUG - Getting Toys | {"txt":"","price":0,"inStock":false,"sortBy":""} 
1.10.2023, 17:02:05 - INFO - Req was made | / 
1.10.2023, 17:02:05 - DEBUG - Getting Toys | {"txt":"","price":0,"inStock":false,"sortBy":""} 
1.10.2023, 18:03:27 - INFO - server.js loaded... 
1.10.2023, 18:03:27 - INFO - Server is running on port: 3030 
1.10.2023, 18:03:54 - INFO - Req was made | / 
1.10.2023, 18:03:54 - DEBUG - Getting Toys | {"txt":"","price":0,"inStock":false,"sortBy":""} 
1.10.2023, 18:03:54 - INFO - Req was made | / 
1.10.2023, 18:03:54 - DEBUG - Getting Toys | {"txt":"","price":0,"inStock":false,"sortBy":""} 
1.10.2023, 18:25:05 - INFO - server.js loaded... 
1.10.2023, 18:25:05 - INFO - Server is running on port: 3030 
1.10.2023, 19:01:12 - INFO - server.js loaded... 
1.10.2023, 19:01:12 - INFO - Server is running on port: 3030 
1.10.2023, 19:02:15 - INFO - server.js loaded... 
1.10.2023, 19:02:15 - INFO - Server is running on port: 3030 
1.10.2023, 19:02:53 - INFO - Server is running on port: 3030 
1.10.2023, 19:02:53 - INFO - server.js loaded... 
1.10.2023, 19:03:08 - INFO - server.js loaded... 
1.10.2023, 19:03:08 - INFO - Server is running on port: 3030 
1.10.2023, 19:31:18 - INFO - server.js loaded... 
1.10.2023, 19:31:18 - INFO - Server is running on port: 3030 
1.10.2023, 19:32:00 - INFO - server.js loaded... 
1.10.2023, 19:32:00 - INFO - Server is running on port: 3030 
1.10.2023, 19:45:29 - INFO - server.js loaded... 
1.10.2023, 19:45:29 - INFO - Server is running on port: 3030 
1.10.2023, 19:50:15 - INFO - server.js loaded... 
1.10.2023, 19:50:15 - INFO - Server is running on port: 3030 
1.10.2023, 19:52:41 - INFO - server.js loaded... 
1.10.2023, 19:52:41 - INFO - Server is running on port: 3030 
1.10.2023, 19:53:23 - INFO - Req was made | / 
1.10.2023, 19:53:23 - DEBUG - Getting Toys | {"txt":"","price":0,"inStock":false,"sortBy":""} 
1.10.2023, 19:53:23 - INFO - Req was made | / 
1.10.2023, 19:53:23 - DEBUG - Getting Toys | {"txt":"","price":0,"inStock":false,"sortBy":""} 
1.10.2023, 19:53:27 - INFO - Req was made | / 
1.10.2023, 19:56:12 - DEBUG - auth.service - login with username: klil 
1.10.2023, 19:56:12 - INFO - User login:  | {"_id":"6517fbf5f905e552608fa3f5","username":"klil","fullname":"Klil Ashkenazi","isAdmin":true} 
1.10.2023, 20:01:55 - INFO - Req was made | / 
1.10.2023, 20:01:55 - ERROR - while finding user 6516cedb6d22355367aebcf4 | TypeError: Cannot convert undefined or null to object 
1.10.2023, 20:01:55 - ERROR - Failed to add review | TypeError: Cannot convert undefined or null to object 
1.10.2023, 20:02:17 - INFO - Req was made | / 
1.10.2023, 20:02:17 - ERROR - while finding user 6516cedb6d22355367aebcf4 | TypeError: Cannot convert undefined or null to object 
1.10.2023, 20:02:17 - ERROR - Failed to add review | TypeError: Cannot convert undefined or null to object 
1.10.2023, 20:03:10 - INFO - server.js loaded... 
1.10.2023, 20:03:10 - INFO - Server is running on port: 3030 
1.10.2023, 20:03:12 - INFO - Req was made | / 
1.10.2023, 20:03:12 - ERROR - while finding user 6516cedb6d22355367aebcf4 | TypeError: Cannot convert undefined or null to object 
1.10.2023, 20:03:12 - ERROR - Failed to add review | TypeError: Cannot convert undefined or null to object 
1.10.2023, 20:03:30 - INFO - server.js loaded... 
1.10.2023, 20:03:30 - INFO - Server is running on port: 3030 
1.10.2023, 20:03:33 - INFO - Req was made | / 
1.10.2023, 20:03:33 - ERROR - while finding user 6516cedb6d22355367aebcf4 | TypeError: Cannot convert undefined or null to object 
1.10.2023, 20:03:33 - ERROR - Failed to add review | TypeError: Cannot convert undefined or null to object 
1.10.2023, 20:03:59 - INFO - Req was made | / 
1.10.2023, 20:03:59 - ERROR - while finding user 6516cedb6d22355367aebcf4 | TypeError: Cannot convert undefined or null to object 
1.10.2023, 20:03:59 - ERROR - Failed to add review | TypeError: Cannot convert undefined or null to object 
1.10.2023, 20:04:13 - INFO - server.js loaded... 
1.10.2023, 20:04:13 - INFO - Server is running on port: 3030 
1.10.2023, 20:04:16 - INFO - Req was made | / 
1.10.2023, 20:04:16 - ERROR - while finding user 6516cedb6d22355367aebcf4 | TypeError: Cannot convert undefined or null to object 
1.10.2023, 20:04:16 - ERROR - Failed to add review | TypeError: Cannot convert undefined or null to object 
1.10.2023, 20:08:39 - INFO - server.js loaded... 
1.10.2023, 20:08:39 - INFO - Server is running on port: 3030 
1.10.2023, 20:08:42 - INFO - Req was made | / 
1.10.2023, 20:10:28 - INFO - server.js loaded... 
1.10.2023, 20:10:28 - INFO - Server is running on port: 3030 
1.10.2023, 20:10:32 - INFO - Req was made | / 
1.10.2023, 20:13:33 - INFO - server.js loaded... 
1.10.2023, 20:13:33 - INFO - Server is running on port: 3030 
1.10.2023, 20:13:39 - INFO - Req was made | / 
1.10.2023, 20:14:02 - INFO - server.js loaded... 
1.10.2023, 20:14:02 - INFO - Server is running on port: 3030 
1.10.2023, 20:14:04 - INFO - Req was made | / 
1.10.2023, 20:15:29 - INFO - server.js loaded... 
1.10.2023, 20:15:29 - INFO - Server is running on port: 3030 
1.10.2023, 20:15:35 - INFO - server.js loaded... 
1.10.2023, 20:15:35 - INFO - Server is running on port: 3030 
1.10.2023, 20:15:39 - INFO - Req was made | / 
1.10.2023, 20:22:47 - INFO - server.js loaded... 
1.10.2023, 20:22:47 - INFO - Server is running on port: 3030 
1.10.2023, 20:23:09 - INFO - server.js loaded... 
1.10.2023, 20:23:09 - INFO - Server is running on port: 3030 
1.10.2023, 20:23:13 - INFO - Req was made | / 
1.10.2023, 20:25:26 - INFO - server.js loaded... 
1.10.2023, 20:25:26 - INFO - Server is running on port: 3030 
1.10.2023, 20:25:32 - INFO - server.js loaded... 
1.10.2023, 20:25:32 - INFO - Server is running on port: 3030 
1.10.2023, 20:25:34 - INFO - Req was made | / 
1.10.2023, 20:26:00 - INFO - server.js loaded... 
1.10.2023, 20:26:00 - INFO - Server is running on port: 3030 
1.10.2023, 20:28:13 - INFO - server.js loaded... 
1.10.2023, 20:28:13 - INFO - Server is running on port: 3030 
1.10.2023, 20:28:15 - INFO - Req was made | / 
1.10.2023, 20:31:19 - INFO - Req was made | / 
1.10.2023, 20:31:27 - INFO - Req was made | / 
1.10.2023, 20:31:35 - INFO - Req was made | / 
1.10.2023, 20:31:56 - INFO - Req was made | / 
1.10.2023, 20:33:04 - INFO - server.js loaded... 
1.10.2023, 20:33:04 - INFO - Server is running on port: 3030 
1.10.2023, 20:33:14 - INFO - server.js loaded... 
1.10.2023, 20:33:14 - INFO - Server is running on port: 3030 
1.10.2023, 20:34:13 - INFO - Req was made | / 
1.10.2023, 20:34:38 - INFO - Req was made | / 
1.10.2023, 20:35:04 - INFO - server.js loaded... 
1.10.2023, 20:35:04 - INFO - Server is running on port: 3030 
1.10.2023, 20:35:08 - INFO - server.js loaded... 
1.10.2023, 20:35:08 - INFO - Server is running on port: 3030 
1.10.2023, 20:35:10 - INFO - Req was made | / 
1.10.2023, 20:35:38 - INFO - server.js loaded... 
1.10.2023, 20:35:38 - INFO - Server is running on port: 3030 
1.10.2023, 20:35:43 - INFO - server.js loaded... 
1.10.2023, 20:35:43 - INFO - Server is running on port: 3030 
1.10.2023, 20:35:46 - INFO - Req was made | / 
1.10.2023, 20:35:54 - INFO - server.js loaded... 
1.10.2023, 20:35:54 - INFO - Server is running on port: 3030 
1.10.2023, 20:36:06 - INFO - server.js loaded... 
1.10.2023, 20:36:06 - INFO - Server is running on port: 3030 
1.10.2023, 20:36:08 - INFO - Req was made | / 
1.10.2023, 20:36:41 - INFO - server.js loaded... 
1.10.2023, 20:36:41 - INFO - Server is running on port: 3030 
1.10.2023, 20:36:45 - INFO - server.js loaded... 
1.10.2023, 20:36:45 - INFO - Server is running on port: 3030 
1.10.2023, 20:36:47 - INFO - Req was made | / 
1.10.2023, 20:38:58 - INFO - server.js loaded... 
1.10.2023, 20:38:58 - INFO - Server is running on port: 3030 
1.10.2023, 20:39:03 - INFO - server.js loaded... 
1.10.2023, 20:39:03 - INFO - Server is running on port: 3030 
1.10.2023, 20:39:05 - INFO - Req was made | / 
1.10.2023, 20:39:25 - INFO - Req was made | / 
1.10.2023, 20:40:06 - INFO - server.js loaded... 
1.10.2023, 20:40:06 - INFO - Server is running on port: 3030 
1.10.2023, 20:40:12 - INFO - server.js loaded... 
1.10.2023, 20:40:12 - INFO - Server is running on port: 3030 
1.10.2023, 20:40:14 - INFO - Req was made | / 
1.10.2023, 20:41:28 - INFO - server.js loaded... 
1.10.2023, 20:41:28 - INFO - Server is running on port: 3030 
1.10.2023, 20:41:34 - INFO - server.js loaded... 
1.10.2023, 20:41:34 - INFO - Server is running on port: 3030 
1.10.2023, 20:41:36 - INFO - Req was made | / 
1.10.2023, 20:41:47 - INFO - server.js loaded... 
1.10.2023, 20:41:47 - INFO - Server is running on port: 3030 
1.10.2023, 20:46:15 - INFO - server.js loaded... 
1.10.2023, 20:46:15 - INFO - Server is running on port: 3030 
1.10.2023, 20:46:18 - INFO - Req was made | / 
1.10.2023, 20:47:26 - INFO - server.js loaded... 
1.10.2023, 20:47:26 - INFO - Server is running on port: 3030 
1.10.2023, 20:47:31 - INFO - server.js loaded... 
1.10.2023, 20:47:31 - INFO - Server is running on port: 3030 
1.10.2023, 20:47:36 - INFO - Req was made | / 
1.10.2023, 20:50:59 - INFO - server.js loaded... 
1.10.2023, 20:50:59 - INFO - Server is running on port: 3030 
1.10.2023, 20:51:35 - INFO - server.js loaded... 
1.10.2023, 20:51:35 - INFO - Server is running on port: 3030 
1.10.2023, 20:52:30 - INFO - server.js loaded... 
1.10.2023, 20:52:30 - INFO - Server is running on port: 3030 
1.10.2023, 20:53:07 - INFO - server.js loaded... 
1.10.2023, 20:53:07 - INFO - Server is running on port: 3030 
1.10.2023, 20:53:14 - INFO - Req was made | / 
1.10.2023, 20:53:32 - INFO - server.js loaded... 
1.10.2023, 20:53:32 - INFO - Server is running on port: 3030 
1.10.2023, 20:53:34 - INFO - Req was made | / 
1.10.2023, 20:54:18 - INFO - server.js loaded... 
1.10.2023, 20:54:18 - INFO - Server is running on port: 3030 
1.10.2023, 20:54:21 - INFO - Req was made | / 
1.10.2023, 20:54:21 - ERROR - Cannot get reviews | TypeError: Cannot read properties of undefined (reading '_id') 
1.10.2023, 20:54:21 - ERROR - cannot find reviews | TypeError: Cannot read properties of undefined (reading '_id') 
1.10.2023, 20:55:37 - INFO - server.js loaded... 
1.10.2023, 20:55:37 - INFO - Server is running on port: 3030 
1.10.2023, 20:55:42 - INFO - Req was made | / 
1.10.2023, 20:55:42 - ERROR - cannot find reviews | TypeError: Cannot read properties of undefined (reading '_id') 
1.10.2023, 20:55:42 - ERROR - Cannot get reviews | TypeError: Cannot read properties of undefined (reading '_id') 
1.10.2023, 20:57:13 - INFO - server.js loaded... 
1.10.2023, 20:57:13 - INFO - Server is running on port: 3030 
1.10.2023, 20:57:34 - INFO - Req was made | / 
1.10.2023, 20:58:15 - INFO - server.js loaded... 
1.10.2023, 20:58:15 - INFO - Server is running on port: 3030 
1.10.2023, 20:58:40 - INFO - server.js loaded... 
1.10.2023, 20:58:40 - INFO - Server is running on port: 3030 
1.10.2023, 20:59:39 - INFO - server.js loaded... 
1.10.2023, 20:59:39 - INFO - Server is running on port: 3030 
1.10.2023, 20:59:40 - INFO - Req was made | / 
1.10.2023, 20:59:56 - INFO - server.js loaded... 
1.10.2023, 20:59:56 - INFO - Server is running on port: 3030 
1.10.2023, 20:59:58 - INFO - Req was made | / 
1.10.2023, 20:59:58 - ERROR - cannot find reviews | TypeError: Cannot read properties of undefined (reading '_id') 
1.10.2023, 20:59:58 - ERROR - Cannot get reviews | TypeError: Cannot read properties of undefined (reading '_id') 
1.10.2023, 21:02:56 - INFO - server.js loaded... 
1.10.2023, 21:02:56 - INFO - Server is running on port: 3030 
1.10.2023, 21:02:58 - INFO - Req was made | / 
1.10.2023, 21:05:01 - INFO - Req was made | / 
1.10.2023, 21:06:29 - INFO - server.js loaded... 
1.10.2023, 21:06:29 - INFO - Server is running on port: 3030 
1.10.2023, 21:06:34 - INFO - Req was made | / 
1.10.2023, 21:07:38 - INFO - Req was made | / 
1.10.2023, 21:09:12 - INFO - server.js loaded... 
1.10.2023, 21:09:12 - INFO - Server is running on port: 3030 
1.10.2023, 21:09:18 - INFO - Req was made | / 
1.10.2023, 21:10:27 - INFO - server.js loaded... 
1.10.2023, 21:10:27 - INFO - Server is running on port: 3030 
1.10.2023, 21:10:30 - INFO - Req was made | / 
1.10.2023, 21:11:25 - INFO - server.js loaded... 
1.10.2023, 21:11:25 - INFO - Server is running on port: 3030 
1.10.2023, 21:11:28 - INFO - Req was made | / 
1.10.2023, 21:11:28 - ERROR - cannot find reviews | TypeError: Cannot read properties of undefined (reading '_id') 
1.10.2023, 21:11:28 - ERROR - Cannot get reviews | TypeError: Cannot read properties of undefined (reading '_id') 
1.10.2023, 21:11:56 - INFO - server.js loaded... 
1.10.2023, 21:11:56 - INFO - Server is running on port: 3030 
1.10.2023, 21:12:00 - INFO - Req was made | / 
1.10.2023, 21:18:06 - INFO - server.js loaded... 
1.10.2023, 21:18:06 - INFO - Server is running on port: 3030 
1.10.2023, 21:18:09 - INFO - Req was made | / 
1.10.2023, 21:18:58 - INFO - server.js loaded... 
1.10.2023, 21:18:58 - INFO - Server is running on port: 3030 
1.10.2023, 21:19:15 - INFO - Req was made | / 
1.10.2023, 21:19:43 - INFO - server.js loaded... 
1.10.2023, 21:19:43 - INFO - Server is running on port: 3030 
1.10.2023, 21:19:44 - INFO - Req was made | / 
1.10.2023, 21:19:44 - ERROR - cannot find reviews | TypeError: Cannot read properties of undefined (reading '_id') 
1.10.2023, 21:19:44 - ERROR - Cannot get reviews | TypeError: Cannot read properties of undefined (reading '_id') 
1.10.2023, 21:19:59 - INFO - Req was made | / 
1.10.2023, 21:19:59 - ERROR - cannot find reviews | TypeError: Cannot read properties of undefined (reading '_id') 
1.10.2023, 21:19:59 - ERROR - Cannot get reviews | TypeError: Cannot read properties of undefined (reading '_id') 
1.10.2023, 21:20:15 - INFO - server.js loaded... 
1.10.2023, 21:20:15 - INFO - Server is running on port: 3030 
1.10.2023, 21:20:17 - INFO - Req was made | / 
1.10.2023, 21:22:01 - INFO - Req was made | / 
1.10.2023, 21:22:19 - INFO - Req was made | / 
1.10.2023, 21:22:29 - INFO - server.js loaded... 
1.10.2023, 21:22:29 - INFO - Server is running on port: 3030 
1.10.2023, 21:22:39 - INFO - server.js loaded... 
1.10.2023, 21:22:39 - INFO - Server is running on port: 3030 
1.10.2023, 21:22:40 - INFO - Req was made | / 
1.10.2023, 21:24:11 - INFO - server.js loaded... 
1.10.2023, 21:24:11 - INFO - Server is running on port: 3030 
1.10.2023, 21:24:26 - INFO - Req was made | / 
1.10.2023, 21:25:12 - INFO - server.js loaded... 
1.10.2023, 21:25:12 - INFO - Server is running on port: 3030 
1.10.2023, 21:25:14 - INFO - Req was made | / 
1.10.2023, 21:27:58 - INFO - server.js loaded... 
1.10.2023, 21:27:58 - INFO - Server is running on port: 3030 
1.10.2023, 21:28:00 - INFO - Req was made | / 
1.10.2023, 21:30:50 - INFO - server.js loaded... 
1.10.2023, 21:30:50 - INFO - Server is running on port: 3030 
1.10.2023, 21:30:52 - INFO - server.js loaded... 
1.10.2023, 21:30:52 - INFO - Server is running on port: 3030 
1.10.2023, 21:31:39 - INFO - Req was made | / 
1.10.2023, 21:33:43 - INFO - server.js loaded... 
1.10.2023, 21:33:43 - INFO - Server is running on port: 3030 
1.10.2023, 21:33:49 - INFO - Req was made | / 
1.10.2023, 21:37:15 - INFO - server.js loaded... 
1.10.2023, 21:37:15 - INFO - Server is running on port: 3030 
1.10.2023, 21:37:21 - INFO - server.js loaded... 
1.10.2023, 21:37:21 - INFO - Server is running on port: 3030 
1.10.2023, 21:37:22 - INFO - Req was made | / 
1.10.2023, 21:38:25 - INFO - Req was made | / 
1.10.2023, 21:39:21 - INFO - server.js loaded... 
1.10.2023, 21:39:21 - INFO - Server is running on port: 3030 
1.10.2023, 21:39:23 - INFO - Req was made | / 
1.10.2023, 21:58:49 - INFO - Req was made | / 
1.10.2023, 21:59:02 - INFO - Req was made | / 
1.10.2023, 21:59:22 - INFO - Req was made | / 
1.10.2023, 22:00:30 - INFO - Req was made | / 
1.10.2023, 22:00:50 - INFO - Req was made | / 
1.10.2023, 22:01:23 - INFO - server.js loaded... 
1.10.2023, 22:01:23 - INFO - Server is running on port: 3030 
1.10.2023, 22:03:45 - INFO - server.js loaded... 
1.10.2023, 22:03:45 - INFO - Server is running on port: 3030 
1.10.2023, 22:03:48 - INFO - Req was made | / 
1.10.2023, 22:04:49 - INFO - Req was made | / 
1.10.2023, 22:04:49 - ERROR - cannot find reviews | Error: Argument passed in must be a single String of 12 bytes or a string of 24 hex characters 
1.10.2023, 22:04:49 - ERROR - Cannot get reviews | Error: Argument passed in must be a single String of 12 bytes or a string of 24 hex characters 
1.10.2023, 22:07:14 - INFO - server.js loaded... 
1.10.2023, 22:07:14 - INFO - Server is running on port: 3030 
1.10.2023, 22:53:51 - INFO - Req was made | / 
1.10.2023, 22:57:55 - INFO - Req was made | / 
1.10.2023, 22:57:55 - DEBUG - Getting Toys | {"txt":"","price":0,"inStock":false,"sortBy":""} 
1.10.2023, 22:57:55 - INFO - Req was made | / 
1.10.2023, 22:57:55 - DEBUG - Getting Toys | {"txt":"","price":0,"inStock":false,"sortBy":""} 
1.10.2023, 23:00:17 - DEBUG - auth.service - login with username: klil 
1.10.2023, 23:00:17 - INFO - User login:  | {"_id":"6517fbf5f905e552608fa3f5","username":"klil","fullname":"Klil Ashkenazi","isAdmin":true} 
1.10.2023, 23:00:17 - INFO - Req was made | / 
1.10.2023, 23:00:17 - DEBUG - Getting Toys | {"txt":"","price":0,"inStock":false,"sortBy":""} 
1.10.2023, 23:00:18 - INFO - Req was made | / 
1.10.2023, 23:00:18 - DEBUG - Getting Toys | {"txt":"","price":0,"inStock":false,"sortBy":""} 
1.10.2023, 23:07:04 - INFO - Req was made | / 
1.10.2023, 23:07:21 - INFO - Req was made | / 
1.10.2023, 23:12:23 - INFO - Req was made | / 
1.10.2023, 23:13:07 - INFO - Req was made | / 
1.10.2023, 23:13:28 - INFO - Req was made | / 
1.10.2023, 23:15:58 - INFO - Req was made | / 
1.10.2023, 23:16:46 - INFO - Req was made | / 
1.10.2023, 23:17:25 - INFO - Req was made | / 
1.10.2023, 23:17:45 - INFO - Req was made | / 
1.10.2023, 23:17:45 - DEBUG - Getting Toys | {"txt":"","price":0,"inStock":false,"sortBy":""} 
1.10.2023, 23:17:46 - INFO - Req was made | / 
1.10.2023, 23:17:46 - DEBUG - Getting Toys | {"txt":"","price":0,"inStock":false,"sortBy":""} 
1.10.2023, 23:17:47 - INFO - Req was made | / 
1.10.2023, 23:18:35 - INFO - Req was made | / 
1.10.2023, 23:19:04 - INFO - Req was made | / 
1.10.2023, 23:22:03 - INFO - Req was made | / 
1.10.2023, 23:48:46 - INFO - Req was made | / 
1.10.2023, 23:48:49 - INFO - Req was made | / 
1.10.2023, 23:53:07 - INFO - Req was made | / 
1.10.2023, 23:53:31 - INFO - Req was made | / 
1.10.2023, 23:53:51 - INFO - Req was made | / 
1.10.2023, 23:54:00 - INFO - Req was made | / 
1.10.2023, 23:54:41 - INFO - Req was made | / 
1.10.2023, 23:55:21 - INFO - Req was made | / 
1.10.2023, 23:56:24 - INFO - Req was made | / 
1.10.2023, 23:57:15 - INFO - Req was made | / 
2.10.2023, 0:03:39 - INFO - Req was made | / 
2.10.2023, 0:04:47 - INFO - Req was made | / 
2.10.2023, 0:05:15 - INFO - Req was made | / 
2.10.2023, 0:05:15 - DEBUG - Getting Toys | {"txt":"","price":0,"inStock":false,"sortBy":""} 
2.10.2023, 0:05:15 - INFO - Req was made | / 
2.10.2023, 0:05:15 - DEBUG - Getting Toys | {"txt":"","price":0,"inStock":false,"sortBy":""} 
2.10.2023, 0:05:20 - INFO - Req was made | / 
2.10.2023, 0:05:27 - INFO - Req was made | / 
2.10.2023, 0:05:27 - DEBUG - Getting Toys | {"txt":"","price":0,"inStock":false,"sortBy":""} 
2.10.2023, 0:05:27 - INFO - Req was made | / 
2.10.2023, 0:05:27 - DEBUG - Getting Toys | {"txt":"","price":0,"inStock":false,"sortBy":""} 
2.10.2023, 0:07:52 - INFO - Req was made | / 
2.10.2023, 0:07:54 - INFO - Req was made | / 
2.10.2023, 0:07:54 - DEBUG - Getting Toys | {"txt":"","price":0,"inStock":false,"sortBy":""} 
2.10.2023, 0:07:55 - INFO - Req was made | / 
2.10.2023, 0:07:55 - DEBUG - Getting Toys | {"txt":"","price":0,"inStock":false,"sortBy":""} 
2.10.2023, 0:07:56 - INFO - Req was made | / 
2.10.2023, 0:08:53 - INFO - Req was made | / 
2.10.2023, 0:08:53 - DEBUG - Getting Toys | {"txt":"","price":0,"inStock":false,"sortBy":""} 
2.10.2023, 0:08:53 - INFO - Req was made | / 
2.10.2023, 0:08:53 - DEBUG - Getting Toys | {"txt":"","price":0,"inStock":false,"sortBy":""} 
2.10.2023, 0:08:55 - INFO - Req was made | / 
2.10.2023, 0:08:59 - INFO - Req was made | / 
2.10.2023, 0:08:59 - DEBUG - Getting Toys | {"txt":"","price":0,"inStock":false,"sortBy":""} 
2.10.2023, 0:08:59 - INFO - Req was made | / 
2.10.2023, 0:08:59 - DEBUG - Getting Toys | {"txt":"","price":0,"inStock":false,"sortBy":""} 
2.10.2023, 0:09:00 - INFO - Req was made | / 
2.10.2023, 0:09:02 - INFO - Req was made | / 
2.10.2023, 0:09:02 - DEBUG - Getting Toys | {"txt":"","price":0,"inStock":false,"sortBy":""} 
2.10.2023, 0:09:02 - INFO - Req was made | / 
2.10.2023, 0:09:02 - DEBUG - Getting Toys | {"txt":"","price":0,"inStock":false,"sortBy":""} 
2.10.2023, 0:09:05 - INFO - Req was made | / 
2.10.2023, 0:09:11 - INFO - Req was made | / 
2.10.2023, 0:09:13 - INFO - Req was made | / 
2.10.2023, 0:09:16 - INFO - Req was made | / 
2.10.2023, 0:09:16 - DEBUG - Getting Toys | {"txt":"","price":0,"inStock":false,"sortBy":""} 
2.10.2023, 0:09:17 - DEBUG - Getting Toys | {"txt":"","price":0,"inStock":false,"sortBy":""} 
2.10.2023, 0:09:17 - INFO - Req was made | / 
2.10.2023, 0:09:18 - INFO - Req was made | / 
2.10.2023, 0:09:33 - INFO - Req was made | / 
2.10.2023, 0:09:33 - DEBUG - Getting Toys | {"txt":"","price":0,"inStock":false,"sortBy":""} 
2.10.2023, 0:09:33 - INFO - Req was made | / 
2.10.2023, 0:09:33 - DEBUG - Getting Toys | {"txt":"","price":0,"inStock":false,"sortBy":""} 
2.10.2023, 0:09:35 - INFO - Req was made | / 
2.10.2023, 0:09:39 - INFO - Req was made | / 
2.10.2023, 0:09:39 - DEBUG - Getting Toys | {"txt":"","price":0,"inStock":false,"sortBy":""} 
2.10.2023, 0:09:40 - DEBUG - Getting Toys | {"txt":"","price":0,"inStock":false,"sortBy":""} 
2.10.2023, 0:09:40 - INFO - Req was made | / 
2.10.2023, 0:13:09 - INFO - Req was made | / 
2.10.2023, 0:15:04 - INFO - Req was made | / 
2.10.2023, 0:15:04 - INFO - Req was made | / 
2.10.2023, 0:15:04 - INFO - Req was made | / 
2.10.2023, 0:15:04 - INFO - Req was made | / 
2.10.2023, 0:15:04 - INFO - Req was made | / 
2.10.2023, 0:15:04 - INFO - Req was made | / 
2.10.2023, 0:15:04 - INFO - Req was made | / 
2.10.2023, 0:15:04 - INFO - Req was made | / 
2.10.2023, 0:15:04 - INFO - Req was made | / 
2.10.2023, 0:15:05 - INFO - Req was made | / 
2.10.2023, 0:15:05 - INFO - Req was made | / 
2.10.2023, 0:15:05 - INFO - Req was made | / 
2.10.2023, 0:15:05 - INFO - Req was made | / 
2.10.2023, 0:15:05 - INFO - Req was made | / 
2.10.2023, 0:15:05 - INFO - Req was made | / 
2.10.2023, 0:15:05 - INFO - Req was made | / 
2.10.2023, 0:15:05 - INFO - Req was made | / 
2.10.2023, 0:15:05 - INFO - Req was made | / 
2.10.2023, 0:15:05 - INFO - Req was made | / 
2.10.2023, 0:15:06 - INFO - Req was made | / 
2.10.2023, 0:15:06 - INFO - Req was made | / 
2.10.2023, 0:15:06 - INFO - Req was made | / 
2.10.2023, 0:15:06 - INFO - Req was made | / 
2.10.2023, 0:15:06 - INFO - Req was made | / 
2.10.2023, 0:15:06 - INFO - Req was made | / 
2.10.2023, 0:15:06 - INFO - Req was made | / 
2.10.2023, 0:15:06 - INFO - Req was made | / 
2.10.2023, 0:15:06 - INFO - Req was made | / 
2.10.2023, 0:15:06 - INFO - Req was made | / 
2.10.2023, 0:15:06 - INFO - Req was made | / 
2.10.2023, 0:15:07 - INFO - Req was made | / 
2.10.2023, 0:15:07 - INFO - Req was made | / 
2.10.2023, 0:15:07 - INFO - Req was made | / 
2.10.2023, 0:15:07 - INFO - Req was made | / 
2.10.2023, 0:15:07 - INFO - Req was made | / 
2.10.2023, 0:15:07 - INFO - Req was made | / 
2.10.2023, 0:15:07 - INFO - Req was made | / 
2.10.2023, 0:15:07 - INFO - Req was made | / 
2.10.2023, 0:15:07 - INFO - Req was made | / 
2.10.2023, 0:15:07 - INFO - Req was made | / 
2.10.2023, 0:15:07 - INFO - Req was made | / 
2.10.2023, 0:15:08 - INFO - Req was made | / 
2.10.2023, 0:15:08 - INFO - Req was made | / 
2.10.2023, 0:15:08 - INFO - Req was made | / 
2.10.2023, 0:15:08 - INFO - Req was made | / 
2.10.2023, 0:15:08 - INFO - Req was made | / 
2.10.2023, 0:15:08 - INFO - Req was made | / 
2.10.2023, 0:15:08 - INFO - Req was made | / 
2.10.2023, 0:15:08 - INFO - Req was made | / 
2.10.2023, 0:15:08 - INFO - Req was made | / 
2.10.2023, 0:15:08 - INFO - Req was made | / 
2.10.2023, 0:15:08 - INFO - Req was made | / 
2.10.2023, 0:15:09 - INFO - Req was made | / 
2.10.2023, 0:15:09 - INFO - Req was made | / 
2.10.2023, 0:15:09 - INFO - Req was made | / 
2.10.2023, 0:15:09 - INFO - Req was made | / 
2.10.2023, 0:15:09 - INFO - Req was made | / 
2.10.2023, 0:15:09 - INFO - Req was made | / 
2.10.2023, 0:15:09 - INFO - Req was made | / 
2.10.2023, 0:15:09 - INFO - Req was made | / 
2.10.2023, 0:15:09 - INFO - Req was made | / 
2.10.2023, 0:16:04 - INFO - Req was made | / 
2.10.2023, 0:16:08 - INFO - Req was made | / 
2.10.2023, 0:16:08 - INFO - Req was made | / 
2.10.2023, 0:16:08 - INFO - Req was made | / 
2.10.2023, 0:16:08 - INFO - Req was made | / 
2.10.2023, 0:16:08 - INFO - Req was made | / 
2.10.2023, 0:16:09 - INFO - Req was made | / 
2.10.2023, 0:16:10 - INFO - Req was made | / 
2.10.2023, 0:16:10 - INFO - Req was made | / 
2.10.2023, 0:16:11 - INFO - Req was made | / 
2.10.2023, 0:16:12 - INFO - Req was made | / 
2.10.2023, 0:16:21 - INFO - Req was made | / 
2.10.2023, 0:18:10 - INFO - Req was made | / 
2.10.2023, 0:21:19 - INFO - Req was made | / 
2.10.2023, 0:21:24 - INFO - Req was made | / 
2.10.2023, 0:23:22 - INFO - Req was made | / 
2.10.2023, 0:23:30 - INFO - Req was made | / 
2.10.2023, 0:26:20 - INFO - server.js loaded... 
2.10.2023, 0:26:20 - INFO - Server is running on port: 3030 
2.10.2023, 0:26:21 - INFO - Req was made | / 
2.10.2023, 0:26:24 - INFO - Req was made | / 
2.10.2023, 0:26:24 - DEBUG - Getting Toys | {"txt":"","price":0,"inStock":false,"sortBy":""} 
2.10.2023, 0:26:25 - INFO - Req was made | / 
2.10.2023, 0:26:25 - DEBUG - Getting Toys | {"txt":"","price":0,"inStock":false,"sortBy":""} 
2.10.2023, 0:26:30 - INFO - Req was made | / 
2.10.2023, 0:26:41 - INFO - Req was made | / 
2.10.2023, 0:28:27 - INFO - server.js loaded... 
2.10.2023, 0:28:27 - INFO - Server is running on port: 3030 
2.10.2023, 0:28:39 - INFO - server.js loaded... 
2.10.2023, 0:28:39 - INFO - Server is running on port: 3030 
2.10.2023, 0:28:40 - INFO - Req was made | / 
2.10.2023, 0:28:43 - DEBUG - Getting Toys | {"txt":"","price":0,"inStock":false,"sortBy":""} 
2.10.2023, 0:28:43 - INFO - Req was made | / 
2.10.2023, 0:28:43 - INFO - Req was made | / 
2.10.2023, 0:28:43 - DEBUG - Getting Toys | {"txt":"","price":0,"inStock":false,"sortBy":""} 
2.10.2023, 0:28:49 - INFO - Req was made | / 
2.10.2023, 0:28:54 - INFO - Req was made | / 
2.10.2023, 0:29:56 - INFO - server.js loaded... 
2.10.2023, 0:29:56 - INFO - Server is running on port: 3030 
2.10.2023, 0:30:59 - INFO - Req was made | / 
2.10.2023, 0:31:03 - INFO - Req was made | / 
2.10.2023, 0:32:08 - INFO - Req was made | / 
2.10.2023, 0:32:27 - INFO - Req was made | / 
2.10.2023, 0:39:15 - INFO - Req was made | / 
2.10.2023, 0:39:15 - DEBUG - Getting Toys | {"txt":"","price":0,"inStock":false,"sortBy":""} 
2.10.2023, 0:39:15 - DEBUG - Getting Toys | {"txt":"","price":0,"inStock":false,"sortBy":""} 
2.10.2023, 0:39:15 - INFO - Req was made | / 
2.10.2023, 0:39:18 - INFO - Req was made | / 
2.10.2023, 0:39:25 - INFO - Req was made | / 
2.10.2023, 0:39:25 - DEBUG - Getting Toys | {"txt":"","price":0,"inStock":false,"sortBy":""} 
2.10.2023, 0:39:26 - INFO - Req was made | / 
2.10.2023, 0:39:26 - DEBUG - Getting Toys | {"txt":"","price":0,"inStock":false,"sortBy":""} 
2.10.2023, 0:39:30 - INFO - Req was made | / 
2.10.2023, 0:39:30 - DEBUG - Getting Toys | {"txt":"","price":0,"inStock":false,"sortBy":""} 
2.10.2023, 0:39:30 - INFO - Req was made | / 
2.10.2023, 0:39:30 - DEBUG - Getting Toys | {"txt":"","price":0,"inStock":false,"sortBy":""} 
2.10.2023, 1:00:50 - INFO - Req was made | / 
2.10.2023, 1:00:50 - DEBUG - Getting Toys | {"txt":"","price":0,"inStock":false,"sortBy":""} 
2.10.2023, 1:00:50 - INFO - Req was made | / 
2.10.2023, 1:00:50 - DEBUG - Getting Toys | {"txt":"","price":0,"inStock":false,"sortBy":""} 
2.10.2023, 1:00:53 - INFO - Req was made | / 
2.10.2023, 1:02:05 - INFO - Req was made | / 
2.10.2023, 1:03:57 - INFO - Req was made | / 
2.10.2023, 8:04:36 - DEBUG - Getting Toys | {"txt":"","price":0,"inStock":false,"sortBy":""} 
2.10.2023, 8:04:36 - INFO - Req was made | / 
2.10.2023, 8:04:37 - INFO - Req was made | / 
2.10.2023, 8:04:37 - DEBUG - Getting Toys | {"txt":"","price":0,"inStock":false,"sortBy":""} 
2.10.2023, 8:07:56 - INFO - Req was made | / 
2.10.2023, 8:17:08 - INFO - Req was made | / 
2.10.2023, 8:17:08 - DEBUG - Getting Toys | {"txt":"","price":0,"inStock":false,"sortBy":""} 
2.10.2023, 8:17:09 - INFO - Req was made | / 
2.10.2023, 8:17:09 - DEBUG - Getting Toys | {"txt":"","price":0,"inStock":false,"sortBy":""} 
2.10.2023, 8:34:42 - INFO - Req was made | / 
2.10.2023, 8:34:42 - DEBUG - Getting Toys | {"txt":"","price":0,"inStock":false,"sortBy":""} 
2.10.2023, 8:34:42 - INFO - Req was made | / 
2.10.2023, 8:34:42 - DEBUG - Getting Toys | {"txt":"","price":0,"inStock":false,"sortBy":""} 
2.10.2023, 8:43:43 - INFO - Req was made | / 
2.10.2023, 8:43:43 - DEBUG - Getting Toys | {"txt":"","price":0,"inStock":false,"sortBy":""} 
2.10.2023, 8:43:43 - INFO - Req was made | / 
2.10.2023, 8:43:43 - DEBUG - Getting Toys | {"txt":"","price":0,"inStock":false,"sortBy":""} 
2.10.2023, 9:03:33 - DEBUG - Getting Toys | {"txt":"","price":0,"inStock":false,"sortBy":""} 
2.10.2023, 9:03:33 - INFO - Req was made | / 
2.10.2023, 9:03:33 - INFO - Req was made | / 
2.10.2023, 9:03:33 - DEBUG - Getting Toys | {"txt":"","price":0,"inStock":false,"sortBy":""} 
2.10.2023, 9:03:41 - INFO - Req was made | / 
2.10.2023, 9:03:41 - DEBUG - Getting Toys | {"txt":"","price":0,"inStock":false,"sortBy":""} 
2.10.2023, 9:03:42 - DEBUG - Getting Toys | {"txt":"","price":0,"inStock":false,"sortBy":""} 
2.10.2023, 9:03:42 - INFO - Req was made | / 
2.10.2023, 9:03:52 - INFO - Req was made | / 
2.10.2023, 9:03:52 - DEBUG - Getting Toys | {"txt":"","price":0,"inStock":false,"sortBy":""} 
2.10.2023, 9:03:52 - INFO - Req was made | / 
2.10.2023, 9:03:52 - DEBUG - Getting Toys | {"txt":"","price":0,"inStock":false,"sortBy":""} 
2.10.2023, 9:05:43 - DEBUG - Getting Toys | {"txt":"","price":0,"inStock":false,"sortBy":""} 
2.10.2023, 9:05:43 - INFO - Req was made | / 
2.10.2023, 9:05:43 - INFO - Req was made | / 
2.10.2023, 9:05:43 - DEBUG - Getting Toys | {"txt":"","price":0,"inStock":false,"sortBy":""} 
2.10.2023, 9:08:10 - INFO - Req was made | / 
2.10.2023, 9:08:10 - DEBUG - Getting Toys | {"txt":"","price":0,"inStock":false,"sortBy":""} 
2.10.2023, 9:08:10 - DEBUG - Getting Toys | {"txt":"","price":0,"inStock":false,"sortBy":""} 
2.10.2023, 9:08:10 - INFO - Req was made | / 
2.10.2023, 9:36:45 - INFO - Req was made | / 
2.10.2023, 9:39:31 - INFO - Req was made | / 
2.10.2023, 9:39:57 - INFO - Req was made | / 
2.10.2023, 9:41:19 - INFO - Req was made | / 
2.10.2023, 9:45:31 - INFO - Req was made | / 
2.10.2023, 9:47:09 - INFO - Req was made | / 
2.10.2023, 9:47:18 - INFO - Req was made | / 
2.10.2023, 9:47:18 - DEBUG - Getting Toys | {"txt":"","price":0,"inStock":false,"sortBy":""} 
2.10.2023, 9:47:18 - INFO - Req was made | / 
2.10.2023, 9:47:18 - DEBUG - Getting Toys | {"txt":"","price":0,"inStock":false,"sortBy":""} 
2.10.2023, 9:47:20 - INFO - Req was made | / 
2.10.2023, 9:47:27 - INFO - Req was made | / 
2.10.2023, 9:54:05 - INFO - Req was made | / 
2.10.2023, 9:54:25 - INFO - Req was made | / 
2.10.2023, 9:54:25 - DEBUG - Getting Toys | {"txt":"","price":0,"inStock":false,"sortBy":""} 
2.10.2023, 9:54:25 - INFO - Req was made | / 
2.10.2023, 9:54:25 - DEBUG - Getting Toys | {"txt":"","price":0,"inStock":false,"sortBy":""} 
2.10.2023, 9:54:29 - INFO - Req was made | / 
2.10.2023, 9:54:33 - INFO - Req was made | / 
2.10.2023, 9:56:06 - INFO - Req was made | / 
2.10.2023, 9:56:10 - INFO - Req was made | / 
2.10.2023, 9:57:09 - INFO - Req was made | / 
2.10.2023, 9:57:13 - INFO - Req was made | / 
2.10.2023, 9:57:16 - INFO - Req was made | / 
2.10.2023, 10:00:04 - INFO - Req was made | / 
2.10.2023, 10:00:04 - DEBUG - Getting Toys | {"txt":"","price":0,"inStock":false,"sortBy":""} 
2.10.2023, 10:00:05 - INFO - Req was made | / 
2.10.2023, 10:00:05 - DEBUG - Getting Toys | {"txt":"","price":0,"inStock":false,"sortBy":""} 
2.10.2023, 10:00:07 - INFO - Req was made | / 
2.10.2023, 10:00:10 - INFO - Req was made | / 
2.10.2023, 10:00:10 - DEBUG - Getting Toys | {"txt":"","price":0,"inStock":false,"sortBy":""} 
2.10.2023, 10:00:10 - INFO - Req was made | / 
2.10.2023, 10:00:10 - DEBUG - Getting Toys | {"txt":"","price":0,"inStock":false,"sortBy":""} 
2.10.2023, 11:10:24 - INFO - server.js loaded... 
2.10.2023, 11:10:24 - INFO - Server is running on port: 3030 
